0 info it worked if it ends with ok
1 verbose cli [ '/usr/local/bin/node',
1 verbose cli   '/usr/local/bin/npm',
1 verbose cli   'install',
1 verbose cli   'history',
1 verbose cli   '--save' ]
2 info using npm@2.14.2
3 info using node@v4.0.0
4 verbose install initial load of /Users/khebert/Sites/staystream/package.json
5 verbose installManyTop reading scoped package data from /Users/khebert/Sites/staystream/node_modules/babel-plugin-transform-react-jsx/package.json
6 verbose installManyTop reading scoped package data from /Users/khebert/Sites/staystream/node_modules/babel-preset-es2015/package.json
7 verbose installManyTop reading scoped package data from /Users/khebert/Sites/staystream/node_modules/babelify/package.json
8 verbose installManyTop reading scoped package data from /Users/khebert/Sites/staystream/node_modules/bcrypt/package.json
9 verbose installManyTop reading scoped package data from /Users/khebert/Sites/staystream/node_modules/grunt/package.json
10 verbose installManyTop reading scoped package data from /Users/khebert/Sites/staystream/node_modules/grunt-browserify/package.json
11 verbose installManyTop reading scoped package data from /Users/khebert/Sites/staystream/node_modules/grunt-contrib-clean/package.json
12 verbose installManyTop reading scoped package data from /Users/khebert/Sites/staystream/node_modules/grunt-contrib-coffee/package.json
13 verbose installManyTop reading scoped package data from /Users/khebert/Sites/staystream/node_modules/grunt-contrib-concat/package.json
14 verbose installManyTop reading scoped package data from /Users/khebert/Sites/staystream/node_modules/grunt-contrib-copy/package.json
15 verbose installManyTop reading scoped package data from /Users/khebert/Sites/staystream/node_modules/grunt-contrib-cssmin/package.json
16 verbose installManyTop reading scoped package data from /Users/khebert/Sites/staystream/node_modules/grunt-contrib-jst/package.json
17 verbose installManyTop reading scoped package data from /Users/khebert/Sites/staystream/node_modules/grunt-contrib-less/package.json
18 verbose installManyTop reading scoped package data from /Users/khebert/Sites/staystream/node_modules/grunt-contrib-uglify/package.json
19 verbose installManyTop reading scoped package data from /Users/khebert/Sites/staystream/node_modules/grunt-contrib-watch/package.json
20 verbose installManyTop reading scoped package data from /Users/khebert/Sites/staystream/node_modules/grunt-reactify/package.json
21 verbose installManyTop reading scoped package data from /Users/khebert/Sites/staystream/node_modules/grunt-sails-linker/package.json
22 verbose installManyTop reading scoped package data from /Users/khebert/Sites/staystream/node_modules/grunt-sync/package.json
23 verbose installManyTop reading scoped package data from /Users/khebert/Sites/staystream/node_modules/history/package.json
24 verbose installManyTop reading scoped package data from /Users/khebert/Sites/staystream/node_modules/include-all/package.json
25 verbose installManyTop reading scoped package data from /Users/khebert/Sites/staystream/node_modules/jsonwebtoken/package.json
26 verbose installManyTop reading scoped package data from /Users/khebert/Sites/staystream/node_modules/passport/package.json
27 verbose installManyTop reading scoped package data from /Users/khebert/Sites/staystream/node_modules/passport-jwt/package.json
28 verbose installManyTop reading scoped package data from /Users/khebert/Sites/staystream/node_modules/passport-local/package.json
29 verbose installManyTop reading scoped package data from /Users/khebert/Sites/staystream/node_modules/pm2/package.json
30 verbose installManyTop reading scoped package data from /Users/khebert/Sites/staystream/node_modules/rc/package.json
31 verbose installManyTop reading scoped package data from /Users/khebert/Sites/staystream/node_modules/react-router/package.json
32 verbose installManyTop reading scoped package data from /Users/khebert/Sites/staystream/node_modules/reactify/package.json
33 verbose installManyTop reading scoped package data from /Users/khebert/Sites/staystream/node_modules/sails/package.json
34 verbose installManyTop reading scoped package data from /Users/khebert/Sites/staystream/node_modules/sails-disk/package.json
35 verbose installManyTop reading scoped package data from /Users/khebert/Sites/staystream/node_modules/sails-mongo/package.json
36 verbose installManyTop reading scoped package data from /Users/khebert/Sites/staystream/node_modules/watchify/package.json
37 info package.json grunt@0.4.2 No license field.
38 info package.json grunt-contrib-clean@0.5.0 No license field.
39 info package.json grunt-contrib-coffee@0.10.1 No license field.
40 info package.json grunt-contrib-concat@0.3.0 No license field.
41 info package.json grunt-contrib-copy@0.5.0 No license field.
42 info package.json grunt-contrib-less@0.11.1 No license field.
43 info package.json grunt-contrib-jst@0.6.0 No license field.
44 info package.json grunt-contrib-uglify@0.4.1 No license field.
45 info package.json grunt-contrib-cssmin@0.9.0 No license field.
46 info package.json grunt-contrib-watch@0.5.3 No license field.
47 info package.json grunt-sync@0.0.8 No license field.
48 info package.json passport@0.3.2 No README data
49 info package.json passport-local@1.0.0 No license field.
50 info package.json grunt-browserify@4.0.1 No license field.
51 info package.json rc@0.5.5 No license field.
52 info package.json sails@0.11.3 No license field.
53 verbose readDependencies loading dependencies from /Users/khebert/Sites/staystream/package.json
54 verbose install history is installed as 1.13.1
55 silly cache add args [ 'history@^1.13.1', null ]
56 verbose cache add spec history@^1.13.1
57 silly cache add parsed spec Result {
57 silly cache add   raw: 'history@^1.13.1',
57 silly cache add   scope: null,
57 silly cache add   name: 'history',
57 silly cache add   rawSpec: '^1.13.1',
57 silly cache add   spec: '>=1.13.1 <2.0.0',
57 silly cache add   type: 'range' }
58 silly addNamed history@>=1.13.1 <2.0.0
59 verbose addNamed ">=1.13.1 <2.0.0" is a valid semver range for history
60 silly addNameRange { name: 'history', range: '>=1.13.1 <2.0.0', hasData: false }
61 silly mapToRegistry name history
62 silly mapToRegistry using default registry
63 silly mapToRegistry registry https://registry.npmjs.org/
64 silly mapToRegistry uri https://registry.npmjs.org/history
65 verbose addNameRange registry:https://registry.npmjs.org/history not in flight; fetching
66 verbose request uri https://registry.npmjs.org/history
67 verbose request no auth needed
68 info attempt registry request try #1 at 4:41:12 AM
69 verbose request id e302ef876fcf4731
70 verbose etag "EVHUVV9VO0W6EUDJ5ABKQOVFA"
71 http request GET https://registry.npmjs.org/history
72 http 304 https://registry.npmjs.org/history
73 silly get cb [ 304,
73 silly get   { date: 'Sat, 19 Dec 2015 12:41:13 GMT',
73 silly get     via: '1.1 varnish',
73 silly get     'cache-control': 'max-age=300',
73 silly get     etag: '"EVHUVV9VO0W6EUDJ5ABKQOVFA"',
73 silly get     age: '0',
73 silly get     connection: 'keep-alive',
73 silly get     'x-served-by': 'cache-lax1422-LAX',
73 silly get     'x-cache': 'HIT',
73 silly get     'x-cache-hits': '1',
73 silly get     'x-timer': 'S1450528873.344612,VS0,VE157',
73 silly get     vary: 'Accept' } ]
74 verbose etag https://registry.npmjs.org/history from cache
75 verbose get saving history to /Users/khebert/.npm/registry.npmjs.org/history/.cache.json
76 silly addNameRange number 2 { name: 'history', range: '>=1.13.1 <2.0.0', hasData: true }
77 silly addNameRange versions [ 'history',
77 silly addNameRange   [ '0.1.0',
77 silly addNameRange     '1.0.0',
77 silly addNameRange     '1.1.0',
77 silly addNameRange     '1.2.0',
77 silly addNameRange     '1.2.1',
77 silly addNameRange     '1.2.2',
77 silly addNameRange     '1.3.0',
77 silly addNameRange     '1.3.1',
77 silly addNameRange     '1.3.2',
77 silly addNameRange     '1.3.3',
77 silly addNameRange     '1.4.0',
77 silly addNameRange     '1.4.1',
77 silly addNameRange     '1.5.0',
77 silly addNameRange     '1.6.0',
77 silly addNameRange     '1.7.0',
77 silly addNameRange     '1.8.0',
77 silly addNameRange     '1.8.1',
77 silly addNameRange     '1.8.2',
77 silly addNameRange     '1.8.3',
77 silly addNameRange     '1.8.4',
77 silly addNameRange     '1.8.5',
77 silly addNameRange     '1.9.0',
77 silly addNameRange     '1.9.1',
77 silly addNameRange     '1.10.0',
77 silly addNameRange     '1.10.1',
77 silly addNameRange     '1.10.2',
77 silly addNameRange     '1.11.0',
77 silly addNameRange     '1.11.1',
77 silly addNameRange     '1.12.0',
77 silly addNameRange     '1.12.1',
77 silly addNameRange     '1.12.2',
77 silly addNameRange     '1.12.3',
77 silly addNameRange     '1.12.4',
77 silly addNameRange     '1.12.5',
77 silly addNameRange     '1.12.6',
77 silly addNameRange     '1.13.0',
77 silly addNameRange     '1.13.1',
77 silly addNameRange     '1.14.0',
77 silly addNameRange     '1.15.0',
77 silly addNameRange     '1.16.0' ] ]
78 silly addNamed history@1.16.0
79 verbose addNamed "1.16.0" is a plain semver version for history
80 silly mapToRegistry name history
81 silly mapToRegistry using default registry
82 silly mapToRegistry registry https://registry.npmjs.org/
83 silly mapToRegistry uri https://registry.npmjs.org/history
84 verbose addRemoteTarball https://registry.npmjs.org/history/-/history-1.16.0.tgz not in flight; adding
85 verbose addRemoteTarball [ 'https://registry.npmjs.org/history/-/history-1.16.0.tgz',
85 verbose addRemoteTarball   '2b4344ed57cad7b611ef224a63a58d48842b8a4e' ]
86 info retry fetch attempt 1 at 4:41:13 AM
87 info attempt registry request try #1 at 4:41:13 AM
88 http fetch GET https://registry.npmjs.org/history/-/history-1.16.0.tgz
89 http fetch 200 https://registry.npmjs.org/history/-/history-1.16.0.tgz
90 silly fetchAndShaCheck shasum 2b4344ed57cad7b611ef224a63a58d48842b8a4e
91 verbose addTmpTarball /var/folders/xd/vwv2g4t570562tftf7y49nxc0000gn/T/npm-93570-b0f30797/registry.npmjs.org/history/-/history-1.16.0.tgz not in flight; adding
92 verbose addTmpTarball already have metadata; skipping unpack for history@1.16.0
93 silly cache afterAdd history@1.16.0
94 verbose afterAdd /Users/khebert/.npm/history/1.16.0/package/package.json not in flight; writing
95 verbose afterAdd /Users/khebert/.npm/history/1.16.0/package/package.json written
96 silly install resolved [ { name: 'history',
96 silly install resolved     version: '1.16.0',
96 silly install resolved     description: 'A minimal, functional history implementation for JavaScript',
96 silly install resolved     files: [ '*.md', 'docs', 'es6', 'lib', 'npm-scripts', 'umd' ],
96 silly install resolved     main: 'lib/index',
96 silly install resolved     repository: { type: 'git', url: 'git+https://github.com/rackt/history.git' },
96 silly install resolved     bugs: { url: 'https://github.com/rackt/history/issues' },
96 silly install resolved     scripts:
96 silly install resolved      { build: 'npm run build-cjs && npm run build-es6',
96 silly install resolved        'build-cjs': 'rimraf lib && babel ./modules --stage 0 --loose all --plugins dev-expression -d lib --ignore \'__tests__\'',
96 silly install resolved        'build-es6': 'rimraf es6 && babel ./modules --stage 0 --loose all --plugins dev-expression -d es6 --blacklist=es6.modules --ignore \'__tests__\'',
96 silly install resolved        'build-umd': 'NODE_ENV=production webpack modules/index.js umd/History.js',
96 silly install resolved        'build-min': 'NODE_ENV=production webpack -p modules/index.js umd/History.min.js',
96 silly install resolved        lint: 'eslint modules',
96 silly install resolved        start: 'webpack-dev-server -d --content-base ./ --history-api-fallback --inline modules/index.js',
96 silly install resolved        test: 'npm run lint && karma start',
96 silly install resolved        postinstall: 'node ./npm-scripts/postinstall.js' },
96 silly install resolved     authors: [ 'Michael Jackson' ],
96 silly install resolved     license: 'MIT',
96 silly install resolved     dependencies:
96 silly install resolved      { 'deep-equal': '^1.0.0',
96 silly install resolved        invariant: '^2.0.0',
96 silly install resolved        'query-string': '^3.0.0',
96 silly install resolved        warning: '^2.0.0' },
96 silly install resolved     devDependencies:
96 silly install resolved      { assert: '1.3.0',
96 silly install resolved        babel: '^5.4.7',
96 silly install resolved        'babel-core': '^5.4.7',
96 silly install resolved        'babel-eslint': '^3.1.23',
96 silly install resolved        'babel-loader': '^5.0.0',
96 silly install resolved        'babel-plugin-dev-expression': '^0.1.0',
96 silly install resolved        eslint: '1.4.1',
96 silly install resolved        'eslint-config-rackt': '1.0.0',
96 silly install resolved        'eslint-plugin-react': '3.3.2',
96 silly install resolved        expect: '^1.12.0',
96 silly install resolved        'gzip-size': '^3.0.0',
96 silly install resolved        'isparta-loader': '^1.0.0',
96 silly install resolved        karma: '^0.13.3',
96 silly install resolved        'karma-browserstack-launcher': '^0.1.3',
96 silly install resolved        'karma-chrome-launcher': '^0.2.0',
96 silly install resolved        'karma-coverage': '^0.5.3',
96 silly install resolved        'karma-coveralls': '^1.1.2',
96 silly install resolved        'karma-mocha': '^0.2.0',
96 silly install resolved        'karma-mocha-reporter': '^1.0.4',
96 silly install resolved        'karma-sourcemap-loader': '^0.3.5',
96 silly install resolved        'karma-webpack': '^1.7.0',
96 silly install resolved        mocha: '^2.0.1',
96 silly install resolved        'pretty-bytes': '^2.0.1',
96 silly install resolved        rimraf: '^2.4.2',
96 silly install resolved        webpack: '^1.4.13',
96 silly install resolved        'webpack-dev-server': '^1.10.1' },
96 silly install resolved     tags: [ 'history', 'location' ],
96 silly install resolved     keywords: [ 'history', 'location' ],
96 silly install resolved     gitHead: '275259f3133df326e824b9ccf8e7e772a6c539eb',
96 silly install resolved     homepage: 'https://github.com/rackt/history#readme',
96 silly install resolved     _id: 'history@1.16.0',
96 silly install resolved     _shasum: '2b4344ed57cad7b611ef224a63a58d48842b8a4e',
96 silly install resolved     _from: 'history@>=1.13.1 <2.0.0',
96 silly install resolved     _npmVersion: '3.4.1',
96 silly install resolved     _nodeVersion: '5.0.0',
96 silly install resolved     _npmUser: { name: 'mjackson', email: 'mjijackson@gmail.com' },
96 silly install resolved     dist:
96 silly install resolved      { shasum: '2b4344ed57cad7b611ef224a63a58d48842b8a4e',
96 silly install resolved        tarball: 'http://registry.npmjs.org/history/-/history-1.16.0.tgz' },
96 silly install resolved     maintainers: [ [Object] ],
96 silly install resolved     directories: {},
96 silly install resolved     _resolved: 'https://registry.npmjs.org/history/-/history-1.16.0.tgz' } ]
97 info install history@1.16.0 into /Users/khebert/Sites/staystream
98 info installOne history@1.16.0
99 verbose installOne of history to /Users/khebert/Sites/staystream not in flight; installing
100 verbose lock using /Users/khebert/.npm/_locks/history-84fa1737488316cd.lock for /Users/khebert/Sites/staystream/node_modules/history
101 silly install write writing history 1.16.0 to /Users/khebert/Sites/staystream/node_modules/history
102 verbose unbuild node_modules/history
103 info preuninstall history@1.13.1
104 info uninstall history@1.13.1
105 verbose unbuild rmStuff history@1.13.1 from /Users/khebert/Sites/staystream/node_modules
106 info postuninstall history@1.13.1
107 silly gentlyRm /Users/khebert/Sites/staystream/node_modules/history is being purged from base /Users/khebert/Sites/staystream
108 verbose gentlyRm don't care about contents; nuking /Users/khebert/Sites/staystream/node_modules/history
109 silly vacuum-fs purging /Users/khebert/Sites/staystream/node_modules/history
110 silly vacuum-fs quitting because other entries in /Users/khebert/Sites/staystream/node_modules
111 verbose tar unpack /Users/khebert/.npm/history/1.16.0/package.tgz
112 verbose tar unpacking to /Users/khebert/Sites/staystream/node_modules/history
113 silly gentlyRm /Users/khebert/Sites/staystream/node_modules/history is being purged
114 verbose gentlyRm don't care about contents; nuking /Users/khebert/Sites/staystream/node_modules/history
115 silly gunzTarPerm modes [ '755', '644' ]
116 silly gunzTarPerm extractEntry package.json
117 silly gunzTarPerm extractEntry README.md
118 silly gunzTarPerm extractEntry CONTRIBUTING.md
119 silly gunzTarPerm extractEntry LICENSE.md
120 silly gunzTarPerm extractEntry docs/README.md
121 silly gunzTarPerm extractEntry docs/BasenameSupport.md
122 silly gunzTarPerm extractEntry docs/ConfirmingNavigation.md
123 silly gunzTarPerm extractEntry docs/GettingStarted.md
124 silly gunzTarPerm extractEntry docs/Glossary.md
125 silly gunzTarPerm extractEntry docs/HashHistoryCaveats.md
126 silly gunzTarPerm extractEntry docs/Location.md
127 silly gunzTarPerm extractEntry docs/QuerySupport.md
128 silly gunzTarPerm extractEntry es6/Actions.js
129 silly gunzTarPerm extractEntry es6/createHashHistory.js
130 silly gunzTarPerm extractEntry es6/createHistory.js
131 silly gunzTarPerm extractEntry es6/createLocation.js
132 silly gunzTarPerm extractEntry es6/createDOMHistory.js
133 silly gunzTarPerm extractEntry es6/deprecate.js
134 silly gunzTarPerm extractEntry es6/enableBeforeUnload.js
135 silly gunzTarPerm extractEntry es6/enableQueries.js
136 silly gunzTarPerm extractEntry es6/extractPath.js
137 silly gunzTarPerm extractEntry es6/index.js
138 silly gunzTarPerm extractEntry es6/createBrowserHistory.js
139 silly gunzTarPerm extractEntry es6/parsePath.js
140 silly gunzTarPerm extractEntry es6/ExecutionEnvironment.js
141 silly gunzTarPerm extractEntry es6/runTransitionHook.js
142 silly gunzTarPerm extractEntry es6/DOMUtils.js
143 silly gunzTarPerm extractEntry es6/useBasename.js
144 silly gunzTarPerm extractEntry es6/DOMStateStorage.js
145 silly gunzTarPerm extractEntry es6/useBeforeUnload.js
146 silly gunzTarPerm extractEntry es6/AsyncUtils.js
147 silly gunzTarPerm extractEntry es6/useQueries.js
148 silly gunzTarPerm extractEntry es6/createMemoryHistory.js
149 silly gunzTarPerm extractEntry lib/Actions.js
150 silly gunzTarPerm extractEntry lib/createHashHistory.js
151 silly gunzTarPerm extractEntry lib/createHistory.js
152 silly gunzTarPerm extractEntry lib/createLocation.js
153 silly gunzTarPerm extractEntry lib/createDOMHistory.js
154 silly gunzTarPerm extractEntry lib/deprecate.js
155 silly gunzTarPerm extractEntry lib/enableBeforeUnload.js
156 silly gunzTarPerm extractEntry lib/enableQueries.js
157 silly gunzTarPerm extractEntry lib/extractPath.js
158 silly gunzTarPerm extractEntry lib/index.js
159 silly gunzTarPerm extractEntry lib/createBrowserHistory.js
160 silly gunzTarPerm extractEntry lib/parsePath.js
161 silly gunzTarPerm extractEntry lib/ExecutionEnvironment.js
162 silly gunzTarPerm extractEntry lib/runTransitionHook.js
163 silly gunzTarPerm extractEntry lib/DOMUtils.js
164 silly gunzTarPerm extractEntry lib/useBasename.js
165 silly gunzTarPerm extractEntry lib/DOMStateStorage.js
166 silly gunzTarPerm extractEntry lib/useBeforeUnload.js
167 silly gunzTarPerm extractEntry lib/AsyncUtils.js
168 silly gunzTarPerm extractEntry lib/useQueries.js
169 silly gunzTarPerm extractEntry lib/createMemoryHistory.js
170 silly gunzTarPerm extractEntry umd/History.js
171 silly gunzTarPerm extractEntry umd/History.min.js
172 silly gunzTarPerm extractEntry npm-scripts/postinstall.js
173 silly gunzTarPerm extractEntry CHANGES.md
174 verbose write writing to /Users/khebert/Sites/staystream/node_modules/history/package.json
175 info preinstall history@1.16.0
176 verbose readDependencies loading dependencies from /Users/khebert/Sites/staystream/node_modules/history/package.json
177 silly prepareForInstallMany adding deep-equal@^1.0.0 from history dependencies
178 silly prepareForInstallMany adding invariant@^2.0.0 from history dependencies
179 silly prepareForInstallMany adding query-string@^3.0.0 from history dependencies
180 silly prepareForInstallMany adding warning@^2.0.0 from history dependencies
181 verbose readDependencies loading dependencies from /Users/khebert/Sites/staystream/node_modules/history/package.json
182 silly cache add args [ 'deep-equal@^1.0.0', null ]
183 verbose cache add spec deep-equal@^1.0.0
184 silly cache add args [ 'invariant@^2.0.0', null ]
185 verbose cache add spec invariant@^2.0.0
186 silly cache add parsed spec Result {
186 silly cache add   raw: 'deep-equal@^1.0.0',
186 silly cache add   scope: null,
186 silly cache add   name: 'deep-equal',
186 silly cache add   rawSpec: '^1.0.0',
186 silly cache add   spec: '>=1.0.0 <2.0.0',
186 silly cache add   type: 'range' }
187 silly addNamed deep-equal@>=1.0.0 <2.0.0
188 verbose addNamed ">=1.0.0 <2.0.0" is a valid semver range for deep-equal
189 silly addNameRange { name: 'deep-equal', range: '>=1.0.0 <2.0.0', hasData: false }
190 silly mapToRegistry name deep-equal
191 silly mapToRegistry using default registry
192 silly mapToRegistry registry https://registry.npmjs.org/
193 silly mapToRegistry uri https://registry.npmjs.org/deep-equal
194 verbose addNameRange registry:https://registry.npmjs.org/deep-equal not in flight; fetching
195 silly cache add parsed spec Result {
195 silly cache add   raw: 'invariant@^2.0.0',
195 silly cache add   scope: null,
195 silly cache add   name: 'invariant',
195 silly cache add   rawSpec: '^2.0.0',
195 silly cache add   spec: '>=2.0.0 <3.0.0',
195 silly cache add   type: 'range' }
196 silly addNamed invariant@>=2.0.0 <3.0.0
197 verbose addNamed ">=2.0.0 <3.0.0" is a valid semver range for invariant
198 silly addNameRange { name: 'invariant', range: '>=2.0.0 <3.0.0', hasData: false }
199 silly mapToRegistry name invariant
200 silly mapToRegistry using default registry
201 silly mapToRegistry registry https://registry.npmjs.org/
202 silly mapToRegistry uri https://registry.npmjs.org/invariant
203 verbose addNameRange registry:https://registry.npmjs.org/invariant not in flight; fetching
204 silly cache add args [ 'query-string@^3.0.0', null ]
205 verbose cache add spec query-string@^3.0.0
206 silly cache add parsed spec Result {
206 silly cache add   raw: 'query-string@^3.0.0',
206 silly cache add   scope: null,
206 silly cache add   name: 'query-string',
206 silly cache add   rawSpec: '^3.0.0',
206 silly cache add   spec: '>=3.0.0 <4.0.0',
206 silly cache add   type: 'range' }
207 silly addNamed query-string@>=3.0.0 <4.0.0
208 verbose addNamed ">=3.0.0 <4.0.0" is a valid semver range for query-string
209 silly addNameRange { name: 'query-string', range: '>=3.0.0 <4.0.0', hasData: false }
210 silly mapToRegistry name query-string
211 silly mapToRegistry using default registry
212 silly mapToRegistry registry https://registry.npmjs.org/
213 silly mapToRegistry uri https://registry.npmjs.org/query-string
214 verbose addNameRange registry:https://registry.npmjs.org/query-string not in flight; fetching
215 silly cache add args [ 'warning@^2.0.0', null ]
216 verbose cache add spec warning@^2.0.0
217 silly cache add parsed spec Result {
217 silly cache add   raw: 'warning@^2.0.0',
217 silly cache add   scope: null,
217 silly cache add   name: 'warning',
217 silly cache add   rawSpec: '^2.0.0',
217 silly cache add   spec: '>=2.0.0 <3.0.0',
217 silly cache add   type: 'range' }
218 silly addNamed warning@>=2.0.0 <3.0.0
219 verbose addNamed ">=2.0.0 <3.0.0" is a valid semver range for warning
220 silly addNameRange { name: 'warning', range: '>=2.0.0 <3.0.0', hasData: false }
221 silly mapToRegistry name warning
222 silly mapToRegistry using default registry
223 silly mapToRegistry registry https://registry.npmjs.org/
224 silly mapToRegistry uri https://registry.npmjs.org/warning
225 verbose addNameRange registry:https://registry.npmjs.org/warning not in flight; fetching
226 verbose request uri https://registry.npmjs.org/deep-equal
227 verbose request no auth needed
228 info attempt registry request try #1 at 4:41:13 AM
229 verbose etag "A3TWJPMQMCNC0S359IFK4PIAG"
230 http request GET https://registry.npmjs.org/deep-equal
231 verbose request uri https://registry.npmjs.org/invariant
232 verbose request no auth needed
233 info attempt registry request try #1 at 4:41:13 AM
234 verbose etag "EAEV491AYUM88PAMO3LNXG2J7"
235 http request GET https://registry.npmjs.org/invariant
236 verbose request uri https://registry.npmjs.org/query-string
237 verbose request no auth needed
238 info attempt registry request try #1 at 4:41:13 AM
239 verbose etag "6M66TZJRCRC0TP5T0KHCX054P"
240 http request GET https://registry.npmjs.org/query-string
241 verbose request uri https://registry.npmjs.org/warning
242 verbose request no auth needed
243 info attempt registry request try #1 at 4:41:13 AM
244 verbose etag "1K3VVFDR0VAVK3YXHWHQEMTMR"
245 http request GET https://registry.npmjs.org/warning
246 http 304 https://registry.npmjs.org/deep-equal
247 silly get cb [ 304,
247 silly get   { date: 'Sat, 19 Dec 2015 12:41:14 GMT',
247 silly get     via: '1.1 varnish',
247 silly get     'cache-control': 'max-age=300',
247 silly get     etag: '"A3TWJPMQMCNC0S359IFK4PIAG"',
247 silly get     age: '57',
247 silly get     connection: 'keep-alive',
247 silly get     'x-served-by': 'cache-lax1423-LAX',
247 silly get     'x-cache': 'HIT',
247 silly get     'x-cache-hits': '3',
247 silly get     'x-timer': 'S1450528874.096240,VS0,VE0',
247 silly get     vary: 'Accept' } ]
248 verbose etag https://registry.npmjs.org/deep-equal from cache
249 verbose get saving deep-equal to /Users/khebert/.npm/registry.npmjs.org/deep-equal/.cache.json
250 silly addNameRange number 2 { name: 'deep-equal', range: '>=1.0.0 <2.0.0', hasData: true }
251 silly addNameRange versions [ 'deep-equal',
251 silly addNameRange   [ '0.0.0',
251 silly addNameRange     '0.1.0',
251 silly addNameRange     '0.1.1',
251 silly addNameRange     '0.1.2',
251 silly addNameRange     '0.2.0',
251 silly addNameRange     '0.2.1',
251 silly addNameRange     '0.2.2',
251 silly addNameRange     '1.0.0',
251 silly addNameRange     '1.0.1' ] ]
252 silly addNamed deep-equal@1.0.1
253 verbose addNamed "1.0.1" is a plain semver version for deep-equal
254 silly cache afterAdd deep-equal@1.0.1
255 verbose afterAdd /Users/khebert/.npm/deep-equal/1.0.1/package/package.json not in flight; writing
256 verbose afterAdd /Users/khebert/.npm/deep-equal/1.0.1/package/package.json written
257 http 304 https://registry.npmjs.org/invariant
258 silly get cb [ 304,
258 silly get   { date: 'Sat, 19 Dec 2015 12:41:14 GMT',
258 silly get     via: '1.1 varnish',
258 silly get     'cache-control': 'max-age=300',
258 silly get     etag: '"EAEV491AYUM88PAMO3LNXG2J7"',
258 silly get     age: '0',
258 silly get     connection: 'keep-alive',
258 silly get     'x-served-by': 'cache-lax1422-LAX',
258 silly get     'x-cache': 'HIT',
258 silly get     'x-cache-hits': '2',
258 silly get     'x-timer': 'S1450528874.106830,VS0,VE81',
258 silly get     vary: 'Accept' } ]
259 verbose etag https://registry.npmjs.org/invariant from cache
260 verbose get saving invariant to /Users/khebert/.npm/registry.npmjs.org/invariant/.cache.json
261 silly addNameRange number 2 { name: 'invariant', range: '>=2.0.0 <3.0.0', hasData: true }
262 silly addNameRange versions [ 'invariant',
262 silly addNameRange   [ '1.0.0',
262 silly addNameRange     '1.0.1',
262 silly addNameRange     '1.0.2',
262 silly addNameRange     '2.0.0',
262 silly addNameRange     '2.1.0',
262 silly addNameRange     '2.1.1',
262 silly addNameRange     '2.1.2',
262 silly addNameRange     '2.1.3',
262 silly addNameRange     '2.2.0' ] ]
263 silly addNamed invariant@2.2.0
264 verbose addNamed "2.2.0" is a plain semver version for invariant
265 silly cache afterAdd invariant@2.2.0
266 verbose afterAdd /Users/khebert/.npm/invariant/2.2.0/package/package.json not in flight; writing
267 verbose afterAdd /Users/khebert/.npm/invariant/2.2.0/package/package.json written
268 http 304 https://registry.npmjs.org/warning
269 silly get cb [ 304,
269 silly get   { date: 'Sat, 19 Dec 2015 12:41:14 GMT',
269 silly get     via: '1.1 varnish',
269 silly get     'cache-control': 'max-age=300',
269 silly get     etag: '"1K3VVFDR0VAVK3YXHWHQEMTMR"',
269 silly get     age: '0',
269 silly get     connection: 'keep-alive',
269 silly get     'x-served-by': 'cache-lax1431-LAX',
269 silly get     'x-cache': 'HIT',
269 silly get     'x-cache-hits': '1',
269 silly get     'x-timer': 'S1450528874.111475,VS0,VE84',
269 silly get     vary: 'Accept' } ]
270 verbose etag https://registry.npmjs.org/warning from cache
271 verbose get saving warning to /Users/khebert/.npm/registry.npmjs.org/warning/.cache.json
272 silly addNameRange number 2 { name: 'warning', range: '>=2.0.0 <3.0.0', hasData: true }
273 silly addNameRange versions [ 'warning', [ '1.0.0', '1.0.1', '1.0.2', '2.0.0', '2.1.0' ] ]
274 silly addNamed warning@2.1.0
275 verbose addNamed "2.1.0" is a plain semver version for warning
276 silly cache afterAdd warning@2.1.0
277 verbose afterAdd /Users/khebert/.npm/warning/2.1.0/package/package.json not in flight; writing
278 verbose afterAdd /Users/khebert/.npm/warning/2.1.0/package/package.json written
279 http 200 https://registry.npmjs.org/query-string
280 silly get cb [ 200,
280 silly get   { server: 'CouchDB/1.5.0 (Erlang OTP/R16B03)',
280 silly get     etag: '"8ZE4GAWAOPTSGRQ7GNAS3LKOH"',
280 silly get     'content-type': 'application/json',
280 silly get     'cache-control': 'max-age=300',
280 silly get     'content-length': '22637',
280 silly get     'accept-ranges': 'bytes',
280 silly get     date: 'Sat, 19 Dec 2015 12:41:14 GMT',
280 silly get     via: '1.1 varnish',
280 silly get     age: '0',
280 silly get     connection: 'keep-alive',
280 silly get     'x-served-by': 'cache-lax1425-LAX',
280 silly get     'x-cache': 'HIT',
280 silly get     'x-cache-hits': '1',
280 silly get     'x-timer': 'S1450528874.111451,VS0,VE195',
280 silly get     vary: 'Accept' } ]
281 verbose get saving query-string to /Users/khebert/.npm/registry.npmjs.org/query-string/.cache.json
282 silly addNameRange number 2 { name: 'query-string', range: '>=3.0.0 <4.0.0', hasData: true }
283 silly addNameRange versions [ 'query-string',
283 silly addNameRange   [ '0.1.0',
283 silly addNameRange     '0.1.1',
283 silly addNameRange     '0.2.0',
283 silly addNameRange     '0.3.0',
283 silly addNameRange     '0.3.1',
283 silly addNameRange     '0.4.0',
283 silly addNameRange     '0.4.1',
283 silly addNameRange     '1.0.0',
283 silly addNameRange     '1.0.1',
283 silly addNameRange     '2.0.0',
283 silly addNameRange     '2.1.0',
283 silly addNameRange     '2.2.0',
283 silly addNameRange     '2.3.0',
283 silly addNameRange     '2.4.0',
283 silly addNameRange     '2.4.1',
283 silly addNameRange     '2.4.2',
283 silly addNameRange     '3.0.0' ] ]
284 silly addNamed query-string@3.0.0
285 verbose addNamed "3.0.0" is a plain semver version for query-string
286 silly mapToRegistry name query-string
287 silly mapToRegistry using default registry
288 silly mapToRegistry registry https://registry.npmjs.org/
289 silly mapToRegistry uri https://registry.npmjs.org/query-string
290 verbose addRemoteTarball https://registry.npmjs.org/query-string/-/query-string-3.0.0.tgz not in flight; adding
291 verbose addRemoteTarball [ 'https://registry.npmjs.org/query-string/-/query-string-3.0.0.tgz',
291 verbose addRemoteTarball   '02fd306f0432040b91b11063f9404fe1bbd4ba7b' ]
292 info retry fetch attempt 1 at 4:41:14 AM
293 info attempt registry request try #1 at 4:41:14 AM
294 http fetch GET https://registry.npmjs.org/query-string/-/query-string-3.0.0.tgz
295 http fetch 200 https://registry.npmjs.org/query-string/-/query-string-3.0.0.tgz
296 silly fetchAndShaCheck shasum 02fd306f0432040b91b11063f9404fe1bbd4ba7b
297 verbose addTmpTarball /var/folders/xd/vwv2g4t570562tftf7y49nxc0000gn/T/npm-93570-b0f30797/registry.npmjs.org/query-string/-/query-string-3.0.0.tgz not in flight; adding
298 verbose addTmpTarball already have metadata; skipping unpack for query-string@3.0.0
299 silly cache afterAdd query-string@3.0.0
300 verbose afterAdd /Users/khebert/.npm/query-string/3.0.0/package/package.json not in flight; writing
301 verbose afterAdd /Users/khebert/.npm/query-string/3.0.0/package/package.json written
302 silly install resolved [ { name: 'deep-equal',
302 silly install resolved     version: '1.0.1',
302 silly install resolved     description: 'node\'s assert.deepEqual algorithm',
302 silly install resolved     main: 'index.js',
302 silly install resolved     directories: { lib: '.', example: 'example', test: 'test' },
302 silly install resolved     scripts: { test: 'tape test/*.js' },
302 silly install resolved     devDependencies: { tape: '^3.5.0' },
302 silly install resolved     repository:
302 silly install resolved      { type: 'git',
302 silly install resolved        url: 'git+ssh://git@github.com/substack/node-deep-equal.git' },
302 silly install resolved     keywords: [ 'equality', 'equal', 'compare' ],
302 silly install resolved     author:
302 silly install resolved      { name: 'James Halliday',
302 silly install resolved        email: 'mail@substack.net',
302 silly install resolved        url: 'http://substack.net' },
302 silly install resolved     license: 'MIT',
302 silly install resolved     testling: { files: 'test/*.js', browsers: [Object] },
302 silly install resolved     gitHead: '59c511f5aeae19e3dd1de054077a789d7302be34',
302 silly install resolved     bugs: { url: 'https://github.com/substack/node-deep-equal/issues' },
302 silly install resolved     homepage: 'https://github.com/substack/node-deep-equal#readme',
302 silly install resolved     _id: 'deep-equal@1.0.1',
302 silly install resolved     _shasum: 'f5d260292b660e084eff4cdbc9f08ad3247448b5',
302 silly install resolved     _from: 'deep-equal@>=1.0.0 <2.0.0',
302 silly install resolved     _npmVersion: '3.2.2',
302 silly install resolved     _nodeVersion: '2.4.0',
302 silly install resolved     _npmUser: { name: 'substack', email: 'substack@gmail.com' },
302 silly install resolved     dist:
302 silly install resolved      { shasum: 'f5d260292b660e084eff4cdbc9f08ad3247448b5',
302 silly install resolved        tarball: 'http://registry.npmjs.org/deep-equal/-/deep-equal-1.0.1.tgz' },
302 silly install resolved     maintainers: [ [Object] ],
302 silly install resolved     _resolved: 'https://registry.npmjs.org/deep-equal/-/deep-equal-1.0.1.tgz',
302 silly install resolved     readme: 'ERROR: No README data found!' },
302 silly install resolved   { name: 'invariant',
302 silly install resolved     version: '2.2.0',
302 silly install resolved     description: 'invariant',
302 silly install resolved     keywords: [ 'test' ],
302 silly install resolved     license: 'BSD-3-Clause',
302 silly install resolved     author: { name: 'Andres Suarez', email: 'zertosh@gmail.com' },
302 silly install resolved     files: [ 'invariant.js', 'browser.js' ],
302 silly install resolved     repository:
302 silly install resolved      { type: 'git',
302 silly install resolved        url: 'git+https://github.com/zertosh/invariant.git' },
302 silly install resolved     scripts: { test: 'NODE_ENV=production tap test/*.js && NODE_ENV=development tap test/*.js' },
302 silly install resolved     dependencies: { 'loose-envify': '^1.0.0' },
302 silly install resolved     devDependencies: { browserify: '^11.0.1', tap: '^1.4.0' },
302 silly install resolved     main: 'invariant.js',
302 silly install resolved     browser: 'browser.js',
302 silly install resolved     browserify: { transform: [Object] },
302 silly install resolved     gitHead: '1660eab9f183183e71ef57a7765bb1121680fff9',
302 silly install resolved     bugs: { url: 'https://github.com/zertosh/invariant/issues' },
302 silly install resolved     homepage: 'https://github.com/zertosh/invariant#readme',
302 silly install resolved     _id: 'invariant@2.2.0',
302 silly install resolved     _shasum: 'c8d7e847366a49cc18b622f058a689d481e895f2',
302 silly install resolved     _from: 'invariant@>=2.0.0 <3.0.0',
302 silly install resolved     _npmVersion: '2.14.7',
302 silly install resolved     _nodeVersion: '4.2.2',
302 silly install resolved     _npmUser: { name: 'zertosh', email: 'zertosh@gmail.com' },
302 silly install resolved     maintainers: [ [Object] ],
302 silly install resolved     dist:
302 silly install resolved      { shasum: 'c8d7e847366a49cc18b622f058a689d481e895f2',
302 silly install resolved        tarball: 'http://registry.npmjs.org/invariant/-/invariant-2.2.0.tgz' },
302 silly install resolved     directories: {},
302 silly install resolved     _resolved: 'https://registry.npmjs.org/invariant/-/invariant-2.2.0.tgz',
302 silly install resolved     readme: 'ERROR: No README data found!' },
302 silly install resolved   { name: 'warning',
302 silly install resolved     version: '2.1.0',
302 silly install resolved     description: 'A mirror of Facebook\'s Warning',
302 silly install resolved     main: 'warning.js',
302 silly install resolved     browser: 'browser.js',
302 silly install resolved     browserify: { transform: [Object] },
302 silly install resolved     files: [ 'browser.js', 'warning.js' ],
302 silly install resolved     scripts: { test: 'NODE_ENV=production tap test/*.js && NODE_ENV=development tap test/*.js' },
302 silly install resolved     dependencies: { 'loose-envify': '^1.0.0' },
302 silly install resolved     devDependencies: { browserify: '^11.0.1', tap: '^1.4.0' },
302 silly install resolved     repository: { type: 'git', url: 'git+https://github.com/r3dm/warning.git' },
302 silly install resolved     keywords: [ 'warning', 'facebook', 'react', 'invariant' ],
302 silly install resolved     author:
302 silly install resolved      { name: 'Berkeley Martinez',
302 silly install resolved        email: 'berkeley@r3dm.com',
302 silly install resolved        url: 'http://r3dm.com' },
302 silly install resolved     license: 'BSD-2-Clause',
302 silly install resolved     bugs: { url: 'https://github.com/r3dm/warning/issues' },
302 silly install resolved     homepage: 'https://github.com/r3dm/warning',
302 silly install resolved     gitHead: 'b7d56e3f6c21c3ee05af617222d16c7d80118443',
302 silly install resolved     _id: 'warning@2.1.0',
302 silly install resolved     _shasum: '21220d9c63afc77a8c92111e011af705ce0c6901',
302 silly install resolved     _from: 'warning@>=2.0.0 <3.0.0',
302 silly install resolved     _npmVersion: '2.11.1',
302 silly install resolved     _nodeVersion: '1.6.4',
302 silly install resolved     _npmUser: { name: 'berkeleytrue', email: 'berkeley@robotie.com' },
302 silly install resolved     maintainers: [ [Object] ],
302 silly install resolved     dist:
302 silly install resolved      { shasum: '21220d9c63afc77a8c92111e011af705ce0c6901',
302 silly install resolved        tarball: 'http://registry.npmjs.org/warning/-/warning-2.1.0.tgz' },
302 silly install resolved     directories: {},
302 silly install resolved     _resolved: 'https://registry.npmjs.org/warning/-/warning-2.1.0.tgz',
302 silly install resolved     readme: 'ERROR: No README data found!' },
302 silly install resolved   { name: 'query-string',
302 silly install resolved     version: '3.0.0',
302 silly install resolved     description: 'Parse and stringify URL query strings',
302 silly install resolved     license: 'MIT',
302 silly install resolved     repository:
302 silly install resolved      { type: 'git',
302 silly install resolved        url: 'https://github.com/sindresorhus/query-string' },
302 silly install resolved     author:
302 silly install resolved      { name: 'Sindre Sorhus',
302 silly install resolved        email: 'sindresorhus@gmail.com',
302 silly install resolved        url: 'sindresorhus.com' },
302 silly install resolved     engines: { node: '>=0.10.0' },
302 silly install resolved     scripts: { test: 'xo && ava' },
302 silly install resolved     files: [ 'index.js' ],
302 silly install resolved     keywords:
302 silly install resolved      [ 'browser',
302 silly install resolved        'querystring',
302 silly install resolved        'query',
302 silly install resolved        'string',
302 silly install resolved        'qs',
302 silly install resolved        'param',
302 silly install resolved        'parameter',
302 silly install resolved        'url',
302 silly install resolved        'uri',
302 silly install resolved        'parse',
302 silly install resolved        'stringify',
302 silly install resolved        'encode',
302 silly install resolved        'decode' ],
302 silly install resolved     dependencies: { 'strict-uri-encode': '^1.0.0' },
302 silly install resolved     devDependencies: { ava: '*', xo: '*' },
302 silly install resolved     gitHead: '265aee0b8bf185be8cc33bb38393b1156081a0f1',
302 silly install resolved     bugs: { url: 'https://github.com/sindresorhus/query-string/issues' },
302 silly install resolved     homepage: 'https://github.com/sindresorhus/query-string',
302 silly install resolved     _id: 'query-string@3.0.0',
302 silly install resolved     _shasum: '02fd306f0432040b91b11063f9404fe1bbd4ba7b',
302 silly install resolved     _from: 'query-string@>=3.0.0 <4.0.0',
302 silly install resolved     _npmVersion: '2.14.4',
302 silly install resolved     _nodeVersion: '4.1.1',
302 silly install resolved     _npmUser: { name: 'sindresorhus', email: 'sindresorhus@gmail.com' },
302 silly install resolved     dist:
302 silly install resolved      { shasum: '02fd306f0432040b91b11063f9404fe1bbd4ba7b',
302 silly install resolved        tarball: 'http://registry.npmjs.org/query-string/-/query-string-3.0.0.tgz' },
302 silly install resolved     maintainers: [ [Object] ],
302 silly install resolved     directories: {},
302 silly install resolved     _resolved: 'https://registry.npmjs.org/query-string/-/query-string-3.0.0.tgz' } ]
303 info install deep-equal@1.0.1 into /Users/khebert/Sites/staystream/node_modules/history
304 info install invariant@2.2.0 into /Users/khebert/Sites/staystream/node_modules/history
305 info install warning@2.1.0 into /Users/khebert/Sites/staystream/node_modules/history
306 info install query-string@3.0.0 into /Users/khebert/Sites/staystream/node_modules/history
307 info installOne deep-equal@1.0.1
308 verbose installOne of deep-equal to /Users/khebert/Sites/staystream/node_modules/history not in flight; installing
309 info installOne invariant@2.2.0
310 verbose installOne of invariant to /Users/khebert/Sites/staystream/node_modules/history not in flight; installing
311 info installOne warning@2.1.0
312 verbose installOne of warning to /Users/khebert/Sites/staystream/node_modules/history not in flight; installing
313 info installOne query-string@3.0.0
314 verbose installOne of query-string to /Users/khebert/Sites/staystream/node_modules/history not in flight; installing
315 verbose lock using /Users/khebert/.npm/_locks/deep-equal-eab4c2f6e0b79ff3.lock for /Users/khebert/Sites/staystream/node_modules/history/node_modules/deep-equal
316 verbose lock using /Users/khebert/.npm/_locks/warning-b68060aae1dacf64.lock for /Users/khebert/Sites/staystream/node_modules/history/node_modules/warning
317 verbose lock using /Users/khebert/.npm/_locks/invariant-3439f2a9db86b123.lock for /Users/khebert/Sites/staystream/node_modules/history/node_modules/invariant
318 silly install write writing deep-equal 1.0.1 to /Users/khebert/Sites/staystream/node_modules/history/node_modules/deep-equal
319 verbose lock using /Users/khebert/.npm/_locks/query-string-a901a60b8db7dbca.lock for /Users/khebert/Sites/staystream/node_modules/history/node_modules/query-string
320 silly install write writing warning 2.1.0 to /Users/khebert/Sites/staystream/node_modules/history/node_modules/warning
321 silly install write writing invariant 2.2.0 to /Users/khebert/Sites/staystream/node_modules/history/node_modules/invariant
322 silly install write writing query-string 3.0.0 to /Users/khebert/Sites/staystream/node_modules/history/node_modules/query-string
323 verbose unbuild node_modules/history/node_modules/deep-equal
324 verbose unbuild node_modules/history/node_modules/warning
325 verbose unbuild node_modules/history/node_modules/invariant
326 verbose unbuild node_modules/history/node_modules/query-string
327 silly gentlyRm /Users/khebert/Sites/staystream/node_modules/history/node_modules/deep-equal is being purged from base /Users/khebert/Sites/staystream
328 verbose gentlyRm don't care about contents; nuking /Users/khebert/Sites/staystream/node_modules/history/node_modules/deep-equal
329 silly gentlyRm /Users/khebert/Sites/staystream/node_modules/history/node_modules/warning is being purged from base /Users/khebert/Sites/staystream
330 verbose gentlyRm don't care about contents; nuking /Users/khebert/Sites/staystream/node_modules/history/node_modules/warning
331 silly gentlyRm /Users/khebert/Sites/staystream/node_modules/history/node_modules/invariant is being purged from base /Users/khebert/Sites/staystream
332 verbose gentlyRm don't care about contents; nuking /Users/khebert/Sites/staystream/node_modules/history/node_modules/invariant
333 verbose tar unpack /Users/khebert/.npm/deep-equal/1.0.1/package.tgz
334 verbose tar unpacking to /Users/khebert/Sites/staystream/node_modules/history/node_modules/deep-equal
335 silly gentlyRm /Users/khebert/Sites/staystream/node_modules/history/node_modules/deep-equal is being purged
336 verbose gentlyRm don't care about contents; nuking /Users/khebert/Sites/staystream/node_modules/history/node_modules/deep-equal
337 verbose tar unpack /Users/khebert/.npm/warning/2.1.0/package.tgz
338 verbose tar unpacking to /Users/khebert/Sites/staystream/node_modules/history/node_modules/warning
339 silly gentlyRm /Users/khebert/Sites/staystream/node_modules/history/node_modules/warning is being purged
340 verbose gentlyRm don't care about contents; nuking /Users/khebert/Sites/staystream/node_modules/history/node_modules/warning
341 verbose tar unpack /Users/khebert/.npm/invariant/2.2.0/package.tgz
342 verbose tar unpacking to /Users/khebert/Sites/staystream/node_modules/history/node_modules/invariant
343 silly gentlyRm /Users/khebert/Sites/staystream/node_modules/history/node_modules/invariant is being purged
344 verbose gentlyRm don't care about contents; nuking /Users/khebert/Sites/staystream/node_modules/history/node_modules/invariant
345 silly gentlyRm /Users/khebert/Sites/staystream/node_modules/history/node_modules/query-string is being purged from base /Users/khebert/Sites/staystream
346 verbose gentlyRm don't care about contents; nuking /Users/khebert/Sites/staystream/node_modules/history/node_modules/query-string
347 silly gunzTarPerm modes [ '755', '644' ]
348 silly gunzTarPerm modes [ '755', '644' ]
349 silly gunzTarPerm modes [ '755', '644' ]
350 verbose tar unpack /Users/khebert/.npm/query-string/3.0.0/package.tgz
351 verbose tar unpacking to /Users/khebert/Sites/staystream/node_modules/history/node_modules/query-string
352 silly gentlyRm /Users/khebert/Sites/staystream/node_modules/history/node_modules/query-string is being purged
353 verbose gentlyRm don't care about contents; nuking /Users/khebert/Sites/staystream/node_modules/history/node_modules/query-string
354 silly gunzTarPerm modes [ '755', '644' ]
355 silly gunzTarPerm extractEntry package.json
356 silly gunzTarPerm extractEntry package.json
357 silly gunzTarPerm extractEntry package.json
358 silly gunzTarPerm extractEntry package.json
359 silly gunzTarPerm extractEntry LICENSE
360 silly gunzTarPerm extractEntry index.js
361 silly gunzTarPerm extractEntry README.md
362 silly gunzTarPerm extractEntry browser.js
363 silly gunzTarPerm extractEntry README.md
364 silly gunzTarPerm extractEntry browser.js
365 silly gunzTarPerm extractEntry index.js
366 silly gunzTarPerm extractEntry license
367 silly gunzTarPerm extractEntry readme.md
368 silly gunzTarPerm extractEntry warning.js
369 silly gunzTarPerm extractEntry CHANGELOG.md
370 silly gunzTarPerm extractEntry invariant.js
371 silly gunzTarPerm extractEntry CHANGELOG.md
372 silly gunzTarPerm extractEntry .travis.yml
373 silly gunzTarPerm extractEntry example/cmp.js
374 silly gunzTarPerm extractEntry LICENSE.md
375 silly gunzTarPerm extractEntry lib/is_arguments.js
376 silly gunzTarPerm extractEntry lib/keys.js
377 silly gunzTarPerm extractEntry readme.markdown
378 silly gunzTarPerm extractEntry test/cmp.js
379 verbose write writing to /Users/khebert/Sites/staystream/node_modules/history/node_modules/query-string/package.json
380 info preinstall query-string@3.0.0
381 verbose readDependencies loading dependencies from /Users/khebert/Sites/staystream/node_modules/history/node_modules/query-string/package.json
382 verbose write writing to /Users/khebert/Sites/staystream/node_modules/history/node_modules/invariant/package.json
383 info preinstall invariant@2.2.0
384 verbose readDependencies loading dependencies from /Users/khebert/Sites/staystream/node_modules/history/node_modules/invariant/package.json
385 silly prepareForInstallMany adding strict-uri-encode@^1.0.0 from query-string dependencies
386 verbose readDependencies loading dependencies from /Users/khebert/Sites/staystream/node_modules/history/node_modules/query-string/package.json
387 verbose write writing to /Users/khebert/Sites/staystream/node_modules/history/node_modules/warning/package.json
388 silly prepareForInstallMany adding loose-envify@^1.0.0 from invariant dependencies
389 verbose readDependencies loading dependencies from /Users/khebert/Sites/staystream/node_modules/history/node_modules/invariant/package.json
390 info preinstall warning@2.1.0
391 verbose readDependencies loading dependencies from /Users/khebert/Sites/staystream/node_modules/history/node_modules/warning/package.json
392 silly prepareForInstallMany adding loose-envify@^1.0.0 from warning dependencies
393 verbose readDependencies loading dependencies from /Users/khebert/Sites/staystream/node_modules/history/node_modules/warning/package.json
394 silly cache add args [ 'strict-uri-encode@^1.0.0', null ]
395 verbose cache add spec strict-uri-encode@^1.0.0
396 silly cache add args [ 'loose-envify@^1.0.0', null ]
397 verbose cache add spec loose-envify@^1.0.0
398 silly cache add parsed spec Result {
398 silly cache add   raw: 'strict-uri-encode@^1.0.0',
398 silly cache add   scope: null,
398 silly cache add   name: 'strict-uri-encode',
398 silly cache add   rawSpec: '^1.0.0',
398 silly cache add   spec: '>=1.0.0 <2.0.0',
398 silly cache add   type: 'range' }
399 silly addNamed strict-uri-encode@>=1.0.0 <2.0.0
400 verbose addNamed ">=1.0.0 <2.0.0" is a valid semver range for strict-uri-encode
401 silly addNameRange { name: 'strict-uri-encode',
401 silly addNameRange   range: '>=1.0.0 <2.0.0',
401 silly addNameRange   hasData: false }
402 silly mapToRegistry name strict-uri-encode
403 silly mapToRegistry using default registry
404 silly mapToRegistry registry https://registry.npmjs.org/
405 silly mapToRegistry uri https://registry.npmjs.org/strict-uri-encode
406 verbose addNameRange registry:https://registry.npmjs.org/strict-uri-encode not in flight; fetching
407 silly cache add parsed spec Result {
407 silly cache add   raw: 'loose-envify@^1.0.0',
407 silly cache add   scope: null,
407 silly cache add   name: 'loose-envify',
407 silly cache add   rawSpec: '^1.0.0',
407 silly cache add   spec: '>=1.0.0 <2.0.0',
407 silly cache add   type: 'range' }
408 silly addNamed loose-envify@>=1.0.0 <2.0.0
409 verbose addNamed ">=1.0.0 <2.0.0" is a valid semver range for loose-envify
410 silly addNameRange { name: 'loose-envify', range: '>=1.0.0 <2.0.0', hasData: false }
411 silly mapToRegistry name loose-envify
412 silly mapToRegistry using default registry
413 silly mapToRegistry registry https://registry.npmjs.org/
414 silly mapToRegistry uri https://registry.npmjs.org/loose-envify
415 verbose addNameRange registry:https://registry.npmjs.org/loose-envify not in flight; fetching
416 verbose request uri https://registry.npmjs.org/strict-uri-encode
417 verbose request no auth needed
418 info attempt registry request try #1 at 4:41:14 AM
419 verbose etag "4GBHCC3G11C9EY4XFYGUVGNCN"
420 http request GET https://registry.npmjs.org/strict-uri-encode
421 verbose request uri https://registry.npmjs.org/loose-envify
422 verbose request no auth needed
423 info attempt registry request try #1 at 4:41:14 AM
424 verbose etag "2L56VY41TJJXRF6O0PIETR3YS"
425 http request GET https://registry.npmjs.org/loose-envify
426 silly cache add args [ 'loose-envify@^1.0.0', null ]
427 verbose cache add spec loose-envify@^1.0.0
428 silly cache add parsed spec Result {
428 silly cache add   raw: 'loose-envify@^1.0.0',
428 silly cache add   scope: null,
428 silly cache add   name: 'loose-envify',
428 silly cache add   rawSpec: '^1.0.0',
428 silly cache add   spec: '>=1.0.0 <2.0.0',
428 silly cache add   type: 'range' }
429 silly addNamed loose-envify@>=1.0.0 <2.0.0
430 verbose addNamed ">=1.0.0 <2.0.0" is a valid semver range for loose-envify
431 silly addNameRange { name: 'loose-envify', range: '>=1.0.0 <2.0.0', hasData: false }
432 silly mapToRegistry name loose-envify
433 silly mapToRegistry using default registry
434 silly mapToRegistry registry https://registry.npmjs.org/
435 silly mapToRegistry uri https://registry.npmjs.org/loose-envify
436 verbose addNameRange registry:https://registry.npmjs.org/loose-envify already in flight; waiting
437 verbose write writing to /Users/khebert/Sites/staystream/node_modules/history/node_modules/deep-equal/package.json
438 info preinstall deep-equal@1.0.1
439 verbose readDependencies loading dependencies from /Users/khebert/Sites/staystream/node_modules/history/node_modules/deep-equal/package.json
440 verbose readDependencies loading dependencies from /Users/khebert/Sites/staystream/node_modules/history/node_modules/deep-equal/package.json
441 silly install resolved []
442 verbose about to build /Users/khebert/Sites/staystream/node_modules/history/node_modules/deep-equal
443 info build /Users/khebert/Sites/staystream/node_modules/history/node_modules/deep-equal
444 info linkStuff deep-equal@1.0.1
445 silly linkStuff deep-equal@1.0.1 has /Users/khebert/Sites/staystream/node_modules/history/node_modules as its parent node_modules
446 verbose linkBins deep-equal@1.0.1
447 verbose linkMans deep-equal@1.0.1
448 verbose rebuildBundles deep-equal@1.0.1
449 info install deep-equal@1.0.1
450 info postinstall deep-equal@1.0.1
451 verbose unlock done using /Users/khebert/.npm/_locks/deep-equal-eab4c2f6e0b79ff3.lock for /Users/khebert/Sites/staystream/node_modules/history/node_modules/deep-equal
452 http 304 https://registry.npmjs.org/strict-uri-encode
453 silly get cb [ 304,
453 silly get   { date: 'Sat, 19 Dec 2015 12:41:14 GMT',
453 silly get     via: '1.1 varnish',
453 silly get     'cache-control': 'max-age=300',
453 silly get     etag: '"4GBHCC3G11C9EY4XFYGUVGNCN"',
453 silly get     age: '0',
453 silly get     connection: 'keep-alive',
453 silly get     'x-served-by': 'cache-lax1420-LAX',
453 silly get     'x-cache': 'HIT',
453 silly get     'x-cache-hits': '1',
453 silly get     'x-timer': 'S1450528874.738292,VS0,VE74',
453 silly get     vary: 'Accept' } ]
454 verbose etag https://registry.npmjs.org/strict-uri-encode from cache
455 verbose get saving strict-uri-encode to /Users/khebert/.npm/registry.npmjs.org/strict-uri-encode/.cache.json
456 silly addNameRange number 2 { name: 'strict-uri-encode',
456 silly addNameRange   range: '>=1.0.0 <2.0.0',
456 silly addNameRange   hasData: true }
457 silly addNameRange versions [ 'strict-uri-encode', [ '1.0.0', '1.0.1', '1.0.2' ] ]
458 silly addNamed strict-uri-encode@1.0.2
459 verbose addNamed "1.0.2" is a plain semver version for strict-uri-encode
460 silly cache afterAdd strict-uri-encode@1.0.2
461 verbose afterAdd /Users/khebert/.npm/strict-uri-encode/1.0.2/package/package.json not in flight; writing
462 http 304 https://registry.npmjs.org/loose-envify
463 silly get cb [ 304,
463 silly get   { date: 'Sat, 19 Dec 2015 12:41:14 GMT',
463 silly get     via: '1.1 varnish',
463 silly get     'cache-control': 'max-age=60',
463 silly get     etag: '"2L56VY41TJJXRF6O0PIETR3YS"',
463 silly get     age: '0',
463 silly get     connection: 'keep-alive',
463 silly get     'x-served-by': 'cache-lax1424-LAX',
463 silly get     'x-cache': 'HIT',
463 silly get     'x-cache-hits': '1',
463 silly get     'x-timer': 'S1450528874.738179,VS0,VE83',
463 silly get     vary: 'Accept' } ]
464 verbose etag https://registry.npmjs.org/loose-envify from cache
465 verbose get saving loose-envify to /Users/khebert/.npm/registry.npmjs.org/loose-envify/.cache.json
466 verbose afterAdd /Users/khebert/.npm/strict-uri-encode/1.0.2/package/package.json written
467 silly install resolved [ { name: 'strict-uri-encode',
467 silly install resolved     version: '1.0.2',
467 silly install resolved     description: 'A stricter URI encode adhering to RFC 3986',
467 silly install resolved     license: 'MIT',
467 silly install resolved     repository:
467 silly install resolved      { type: 'git',
467 silly install resolved        url: 'git+https://github.com/kevva/strict-uri-encode.git' },
467 silly install resolved     author:
467 silly install resolved      { name: 'Kevin Mrtensson',
467 silly install resolved        email: 'kevinmartensson@gmail.com',
467 silly install resolved        url: 'github.com/kevva' },
467 silly install resolved     engines: { node: '>=0.10.0' },
467 silly install resolved     scripts: { test: 'node test.js' },
467 silly install resolved     files: [ 'index.js' ],
467 silly install resolved     keywords: [ 'component', 'encode', 'RFC3986', 'uri' ],
467 silly install resolved     devDependencies: { ava: '^0.0.4' },
467 silly install resolved     gitHead: '51bafa0f2b1fe626b3bb76affdedf6a8468053b3',
467 silly install resolved     bugs: { url: 'https://github.com/kevva/strict-uri-encode/issues' },
467 silly install resolved     homepage: 'https://github.com/kevva/strict-uri-encode#readme',
467 silly install resolved     _id: 'strict-uri-encode@1.0.2',
467 silly install resolved     _shasum: 'fd19e639d89a766256a33e611d38415df8d6058d',
467 silly install resolved     _from: 'strict-uri-encode@>=1.0.0 <2.0.0',
467 silly install resolved     _npmVersion: '3.1.2',
467 silly install resolved     _nodeVersion: '2.3.0',
467 silly install resolved     _npmUser: { name: 'kevva', email: 'kevinmartensson@gmail.com' },
467 silly install resolved     maintainers: [ [Object] ],
467 silly install resolved     dist:
467 silly install resolved      { shasum: 'fd19e639d89a766256a33e611d38415df8d6058d',
467 silly install resolved        tarball: 'http://registry.npmjs.org/strict-uri-encode/-/strict-uri-encode-1.0.2.tgz' },
467 silly install resolved     directories: {},
467 silly install resolved     _resolved: 'https://registry.npmjs.org/strict-uri-encode/-/strict-uri-encode-1.0.2.tgz',
467 silly install resolved     readme: 'ERROR: No README data found!' } ]
468 info install strict-uri-encode@1.0.2 into /Users/khebert/Sites/staystream/node_modules/history/node_modules/query-string
469 info installOne strict-uri-encode@1.0.2
470 verbose installOne of strict-uri-encode to /Users/khebert/Sites/staystream/node_modules/history/node_modules/query-string not in flight; installing
471 verbose lock using /Users/khebert/.npm/_locks/strict-uri-encode-b6db76529f9b4500.lock for /Users/khebert/Sites/staystream/node_modules/history/node_modules/query-string/node_modules/strict-uri-encode
472 silly install write writing strict-uri-encode 1.0.2 to /Users/khebert/Sites/staystream/node_modules/history/node_modules/query-string/node_modules/strict-uri-encode
473 silly addNameRange number 2 { name: 'loose-envify', range: '>=1.0.0 <2.0.0', hasData: true }
474 silly addNameRange versions [ 'loose-envify', [ '1.0.0', '1.1.0' ] ]
475 silly addNamed loose-envify@1.1.0
476 verbose addNamed "1.1.0" is a plain semver version for loose-envify
477 silly addNameRange number 2 { name: 'loose-envify', range: '>=1.0.0 <2.0.0', hasData: true }
478 silly addNameRange versions [ 'loose-envify', [ '1.0.0', '1.1.0' ] ]
479 silly addNamed loose-envify@1.1.0
480 verbose addNamed "1.1.0" is a plain semver version for loose-envify
481 verbose unbuild node_modules/history/node_modules/query-string/node_modules/strict-uri-encode
482 silly gentlyRm /Users/khebert/Sites/staystream/node_modules/history/node_modules/query-string/node_modules/strict-uri-encode is being purged from base /Users/khebert/Sites/staystream
483 verbose gentlyRm don't care about contents; nuking /Users/khebert/Sites/staystream/node_modules/history/node_modules/query-string/node_modules/strict-uri-encode
484 silly cache afterAdd loose-envify@1.1.0
485 verbose afterAdd /Users/khebert/.npm/loose-envify/1.1.0/package/package.json not in flight; writing
486 silly cache afterAdd loose-envify@1.1.0
487 verbose afterAdd /Users/khebert/.npm/loose-envify/1.1.0/package/package.json already in flight; not writing
488 verbose tar unpack /Users/khebert/.npm/strict-uri-encode/1.0.2/package.tgz
489 verbose tar unpacking to /Users/khebert/Sites/staystream/node_modules/history/node_modules/query-string/node_modules/strict-uri-encode
490 silly gentlyRm /Users/khebert/Sites/staystream/node_modules/history/node_modules/query-string/node_modules/strict-uri-encode is being purged
491 verbose gentlyRm don't care about contents; nuking /Users/khebert/Sites/staystream/node_modules/history/node_modules/query-string/node_modules/strict-uri-encode
492 silly gunzTarPerm modes [ '755', '644' ]
493 verbose afterAdd /Users/khebert/.npm/loose-envify/1.1.0/package/package.json written
494 silly install resolved [ { name: 'loose-envify',
494 silly install resolved     version: '1.1.0',
494 silly install resolved     description: 'Fast (and loose) selective `process.env` replacer using js-tokens instead of an AST',
494 silly install resolved     keywords:
494 silly install resolved      [ 'environment',
494 silly install resolved        'variables',
494 silly install resolved        'browserify',
494 silly install resolved        'browserify-transform',
494 silly install resolved        'transform',
494 silly install resolved        'source',
494 silly install resolved        'configuration' ],
494 silly install resolved     homepage: 'https://github.com/zertosh/loose-envify',
494 silly install resolved     license: 'MIT',
494 silly install resolved     author: { name: 'Andres Suarez', email: 'zertosh@gmail.com' },
494 silly install resolved     repository:
494 silly install resolved      { type: 'git',
494 silly install resolved        url: 'git://github.com/zertosh/loose-envify.git' },
494 silly install resolved     scripts: { test: 'tap test/*.js' },
494 silly install resolved     dependencies: { 'js-tokens': '^1.0.1' },
494 silly install resolved     devDependencies: { browserify: '^11.0.1', envify: '^3.4.0', tap: '^1.4.0' },
494 silly install resolved     gitHead: 'f536f4fdbde317d77827ac8655c6c8473928b9e1',
494 silly install resolved     bugs: { url: 'https://github.com/zertosh/loose-envify/issues' },
494 silly install resolved     _id: 'loose-envify@1.1.0',
494 silly install resolved     _shasum: '527582d62cff4e04da3f9976c7110d3392ec7e0c',
494 silly install resolved     _from: 'loose-envify@>=1.0.0 <2.0.0',
494 silly install resolved     _npmVersion: '2.14.4',
494 silly install resolved     _nodeVersion: '4.1.2',
494 silly install resolved     _npmUser: { name: 'zertosh', email: 'zertosh@gmail.com' },
494 silly install resolved     maintainers: [ [Object] ],
494 silly install resolved     dist:
494 silly install resolved      { shasum: '527582d62cff4e04da3f9976c7110d3392ec7e0c',
494 silly install resolved        tarball: 'http://registry.npmjs.org/loose-envify/-/loose-envify-1.1.0.tgz' },
494 silly install resolved     directories: {},
494 silly install resolved     _resolved: 'https://registry.npmjs.org/loose-envify/-/loose-envify-1.1.0.tgz',
494 silly install resolved     readme: 'ERROR: No README data found!' } ]
495 info install loose-envify@1.1.0 into /Users/khebert/Sites/staystream/node_modules/history/node_modules/invariant
496 info installOne loose-envify@1.1.0
497 verbose installOne of loose-envify to /Users/khebert/Sites/staystream/node_modules/history/node_modules/invariant not in flight; installing
498 silly install resolved [ { name: 'loose-envify',
498 silly install resolved     version: '1.1.0',
498 silly install resolved     description: 'Fast (and loose) selective `process.env` replacer using js-tokens instead of an AST',
498 silly install resolved     keywords:
498 silly install resolved      [ 'environment',
498 silly install resolved        'variables',
498 silly install resolved        'browserify',
498 silly install resolved        'browserify-transform',
498 silly install resolved        'transform',
498 silly install resolved        'source',
498 silly install resolved        'configuration' ],
498 silly install resolved     homepage: 'https://github.com/zertosh/loose-envify',
498 silly install resolved     license: 'MIT',
498 silly install resolved     author: { name: 'Andres Suarez', email: 'zertosh@gmail.com' },
498 silly install resolved     repository:
498 silly install resolved      { type: 'git',
498 silly install resolved        url: 'git://github.com/zertosh/loose-envify.git' },
498 silly install resolved     scripts: { test: 'tap test/*.js' },
498 silly install resolved     dependencies: { 'js-tokens': '^1.0.1' },
498 silly install resolved     devDependencies: { browserify: '^11.0.1', envify: '^3.4.0', tap: '^1.4.0' },
498 silly install resolved     gitHead: 'f536f4fdbde317d77827ac8655c6c8473928b9e1',
498 silly install resolved     bugs: { url: 'https://github.com/zertosh/loose-envify/issues' },
498 silly install resolved     _id: 'loose-envify@1.1.0',
498 silly install resolved     _shasum: '527582d62cff4e04da3f9976c7110d3392ec7e0c',
498 silly install resolved     _from: 'loose-envify@>=1.0.0 <2.0.0',
498 silly install resolved     _npmVersion: '2.14.4',
498 silly install resolved     _nodeVersion: '4.1.2',
498 silly install resolved     _npmUser: { name: 'zertosh', email: 'zertosh@gmail.com' },
498 silly install resolved     maintainers: [ [Object] ],
498 silly install resolved     dist:
498 silly install resolved      { shasum: '527582d62cff4e04da3f9976c7110d3392ec7e0c',
498 silly install resolved        tarball: 'http://registry.npmjs.org/loose-envify/-/loose-envify-1.1.0.tgz' },
498 silly install resolved     directories: {},
498 silly install resolved     _resolved: 'https://registry.npmjs.org/loose-envify/-/loose-envify-1.1.0.tgz',
498 silly install resolved     readme: 'ERROR: No README data found!' } ]
499 info install loose-envify@1.1.0 into /Users/khebert/Sites/staystream/node_modules/history/node_modules/warning
500 info installOne loose-envify@1.1.0
501 verbose installOne of loose-envify to /Users/khebert/Sites/staystream/node_modules/history/node_modules/warning not in flight; installing
502 verbose lock using /Users/khebert/.npm/_locks/loose-envify-9be928698ccaa606.lock for /Users/khebert/Sites/staystream/node_modules/history/node_modules/invariant/node_modules/loose-envify
503 silly install write writing loose-envify 1.1.0 to /Users/khebert/Sites/staystream/node_modules/history/node_modules/invariant/node_modules/loose-envify
504 verbose lock using /Users/khebert/.npm/_locks/loose-envify-20af83cd31f56e9a.lock for /Users/khebert/Sites/staystream/node_modules/history/node_modules/warning/node_modules/loose-envify
505 silly gunzTarPerm extractEntry package.json
506 silly gunzTarPerm modified mode [ 'package.json', 436, 420 ]
507 silly install write writing loose-envify 1.1.0 to /Users/khebert/Sites/staystream/node_modules/history/node_modules/warning/node_modules/loose-envify
508 silly gunzTarPerm extractEntry index.js
509 silly gunzTarPerm modified mode [ 'index.js', 436, 420 ]
510 silly gunzTarPerm extractEntry license
511 silly gunzTarPerm modified mode [ 'license', 436, 420 ]
512 verbose unbuild node_modules/history/node_modules/invariant/node_modules/loose-envify
513 verbose unbuild node_modules/history/node_modules/warning/node_modules/loose-envify
514 silly gentlyRm /Users/khebert/Sites/staystream/node_modules/history/node_modules/invariant/node_modules/loose-envify is being purged from base /Users/khebert/Sites/staystream
515 verbose gentlyRm don't care about contents; nuking /Users/khebert/Sites/staystream/node_modules/history/node_modules/invariant/node_modules/loose-envify
516 verbose tar unpack /Users/khebert/.npm/loose-envify/1.1.0/package.tgz
517 verbose tar unpacking to /Users/khebert/Sites/staystream/node_modules/history/node_modules/invariant/node_modules/loose-envify
518 silly gentlyRm /Users/khebert/Sites/staystream/node_modules/history/node_modules/invariant/node_modules/loose-envify is being purged
519 verbose gentlyRm don't care about contents; nuking /Users/khebert/Sites/staystream/node_modules/history/node_modules/invariant/node_modules/loose-envify
520 silly gentlyRm /Users/khebert/Sites/staystream/node_modules/history/node_modules/warning/node_modules/loose-envify is being purged from base /Users/khebert/Sites/staystream
521 verbose gentlyRm don't care about contents; nuking /Users/khebert/Sites/staystream/node_modules/history/node_modules/warning/node_modules/loose-envify
522 silly gunzTarPerm modes [ '755', '644' ]
523 verbose tar unpack /Users/khebert/.npm/loose-envify/1.1.0/package.tgz
524 verbose tar unpacking to /Users/khebert/Sites/staystream/node_modules/history/node_modules/warning/node_modules/loose-envify
525 silly gentlyRm /Users/khebert/Sites/staystream/node_modules/history/node_modules/warning/node_modules/loose-envify is being purged
526 verbose gentlyRm don't care about contents; nuking /Users/khebert/Sites/staystream/node_modules/history/node_modules/warning/node_modules/loose-envify
527 silly gunzTarPerm modes [ '755', '644' ]
528 silly gunzTarPerm extractEntry readme.md
529 silly gunzTarPerm modified mode [ 'readme.md', 436, 420 ]
530 silly gunzTarPerm extractEntry package.json
531 silly gunzTarPerm extractEntry package.json
532 silly gunzTarPerm extractEntry .npmignore
533 silly gunzTarPerm extractEntry README.md
534 silly gunzTarPerm extractEntry .npmignore
535 silly gunzTarPerm extractEntry README.md
536 silly gunzTarPerm extractEntry index.js
537 silly gunzTarPerm extractEntry custom.js
538 silly gunzTarPerm extractEntry index.js
539 silly gunzTarPerm extractEntry custom.js
540 silly gunzTarPerm extractEntry loose-envify.js
541 silly gunzTarPerm extractEntry replace.js
542 silly gunzTarPerm extractEntry loose-envify.js
543 silly gunzTarPerm extractEntry replace.js
544 verbose write writing to /Users/khebert/Sites/staystream/node_modules/history/node_modules/query-string/node_modules/strict-uri-encode/package.json
545 info preinstall strict-uri-encode@1.0.2
546 verbose readDependencies loading dependencies from /Users/khebert/Sites/staystream/node_modules/history/node_modules/query-string/node_modules/strict-uri-encode/package.json
547 verbose readDependencies loading dependencies from /Users/khebert/Sites/staystream/node_modules/history/node_modules/query-string/node_modules/strict-uri-encode/package.json
548 silly install resolved []
549 verbose about to build /Users/khebert/Sites/staystream/node_modules/history/node_modules/query-string/node_modules/strict-uri-encode
550 info build /Users/khebert/Sites/staystream/node_modules/history/node_modules/query-string/node_modules/strict-uri-encode
551 info linkStuff strict-uri-encode@1.0.2
552 silly linkStuff strict-uri-encode@1.0.2 has /Users/khebert/Sites/staystream/node_modules/history/node_modules/query-string/node_modules as its parent node_modules
553 verbose linkBins strict-uri-encode@1.0.2
554 verbose linkMans strict-uri-encode@1.0.2
555 verbose rebuildBundles strict-uri-encode@1.0.2
556 info install strict-uri-encode@1.0.2
557 info postinstall strict-uri-encode@1.0.2
558 verbose unlock done using /Users/khebert/.npm/_locks/strict-uri-encode-b6db76529f9b4500.lock for /Users/khebert/Sites/staystream/node_modules/history/node_modules/query-string/node_modules/strict-uri-encode
559 verbose about to build /Users/khebert/Sites/staystream/node_modules/history/node_modules/query-string
560 info build /Users/khebert/Sites/staystream/node_modules/history/node_modules/query-string
561 verbose write writing to /Users/khebert/Sites/staystream/node_modules/history/node_modules/warning/node_modules/loose-envify/package.json
562 verbose write writing to /Users/khebert/Sites/staystream/node_modules/history/node_modules/invariant/node_modules/loose-envify/package.json
563 info linkStuff query-string@3.0.0
564 silly linkStuff query-string@3.0.0 has /Users/khebert/Sites/staystream/node_modules/history/node_modules as its parent node_modules
565 info preinstall loose-envify@1.1.0
566 verbose readDependencies loading dependencies from /Users/khebert/Sites/staystream/node_modules/history/node_modules/warning/node_modules/loose-envify/package.json
567 info preinstall loose-envify@1.1.0
568 verbose readDependencies loading dependencies from /Users/khebert/Sites/staystream/node_modules/history/node_modules/invariant/node_modules/loose-envify/package.json
569 silly prepareForInstallMany adding js-tokens@^1.0.1 from loose-envify dependencies
570 verbose readDependencies loading dependencies from /Users/khebert/Sites/staystream/node_modules/history/node_modules/warning/node_modules/loose-envify/package.json
571 verbose linkBins query-string@3.0.0
572 verbose linkMans query-string@3.0.0
573 verbose rebuildBundles query-string@3.0.0
574 verbose rebuildBundles [ 'strict-uri-encode' ]
575 info install query-string@3.0.0
576 silly prepareForInstallMany adding js-tokens@^1.0.1 from loose-envify dependencies
577 verbose readDependencies loading dependencies from /Users/khebert/Sites/staystream/node_modules/history/node_modules/invariant/node_modules/loose-envify/package.json
578 info postinstall query-string@3.0.0
579 verbose unlock done using /Users/khebert/.npm/_locks/query-string-a901a60b8db7dbca.lock for /Users/khebert/Sites/staystream/node_modules/history/node_modules/query-string
580 silly cache add args [ 'js-tokens@^1.0.1', null ]
581 verbose cache add spec js-tokens@^1.0.1
582 silly cache add parsed spec Result {
582 silly cache add   raw: 'js-tokens@^1.0.1',
582 silly cache add   scope: null,
582 silly cache add   name: 'js-tokens',
582 silly cache add   rawSpec: '^1.0.1',
582 silly cache add   spec: '>=1.0.1 <2.0.0',
582 silly cache add   type: 'range' }
583 silly addNamed js-tokens@>=1.0.1 <2.0.0
584 verbose addNamed ">=1.0.1 <2.0.0" is a valid semver range for js-tokens
585 silly addNameRange { name: 'js-tokens', range: '>=1.0.1 <2.0.0', hasData: false }
586 silly mapToRegistry name js-tokens
587 silly mapToRegistry using default registry
588 silly mapToRegistry registry https://registry.npmjs.org/
589 silly mapToRegistry uri https://registry.npmjs.org/js-tokens
590 verbose addNameRange registry:https://registry.npmjs.org/js-tokens not in flight; fetching
591 verbose request uri https://registry.npmjs.org/js-tokens
592 verbose request no auth needed
593 info attempt registry request try #1 at 4:41:14 AM
594 verbose etag "F4N7TBLBJ8Z40VG7DPO546R7U"
595 http request GET https://registry.npmjs.org/js-tokens
596 silly cache add args [ 'js-tokens@^1.0.1', null ]
597 verbose cache add spec js-tokens@^1.0.1
598 silly cache add parsed spec Result {
598 silly cache add   raw: 'js-tokens@^1.0.1',
598 silly cache add   scope: null,
598 silly cache add   name: 'js-tokens',
598 silly cache add   rawSpec: '^1.0.1',
598 silly cache add   spec: '>=1.0.1 <2.0.0',
598 silly cache add   type: 'range' }
599 silly addNamed js-tokens@>=1.0.1 <2.0.0
600 verbose addNamed ">=1.0.1 <2.0.0" is a valid semver range for js-tokens
601 silly addNameRange { name: 'js-tokens', range: '>=1.0.1 <2.0.0', hasData: false }
602 silly mapToRegistry name js-tokens
603 silly mapToRegistry using default registry
604 silly mapToRegistry registry https://registry.npmjs.org/
605 silly mapToRegistry uri https://registry.npmjs.org/js-tokens
606 verbose addNameRange registry:https://registry.npmjs.org/js-tokens already in flight; waiting
607 http 304 https://registry.npmjs.org/js-tokens
608 silly get cb [ 304,
608 silly get   { date: 'Sat, 19 Dec 2015 12:41:15 GMT',
608 silly get     via: '1.1 varnish',
608 silly get     'cache-control': 'max-age=60',
608 silly get     etag: '"F4N7TBLBJ8Z40VG7DPO546R7U"',
608 silly get     age: '45',
608 silly get     connection: 'keep-alive',
608 silly get     'x-served-by': 'cache-lax1421-LAX',
608 silly get     'x-cache': 'HIT',
608 silly get     'x-cache-hits': '56',
608 silly get     'x-timer': 'S1450528875.006855,VS0,VE0',
608 silly get     vary: 'Accept' } ]
609 verbose etag https://registry.npmjs.org/js-tokens from cache
610 verbose get saving js-tokens to /Users/khebert/.npm/registry.npmjs.org/js-tokens/.cache.json
611 silly addNameRange number 2 { name: 'js-tokens', range: '>=1.0.1 <2.0.0', hasData: true }
612 silly addNameRange versions [ 'js-tokens',
612 silly addNameRange   [ '0.1.0',
612 silly addNameRange     '0.2.0',
612 silly addNameRange     '0.3.0',
612 silly addNameRange     '0.3.1',
612 silly addNameRange     '0.4.0',
612 silly addNameRange     '0.4.1',
612 silly addNameRange     '1.0.0',
612 silly addNameRange     '1.0.1',
612 silly addNameRange     '1.0.2' ] ]
613 silly addNamed js-tokens@1.0.2
614 verbose addNamed "1.0.2" is a plain semver version for js-tokens
615 silly addNameRange number 2 { name: 'js-tokens', range: '>=1.0.1 <2.0.0', hasData: true }
616 silly addNameRange versions [ 'js-tokens',
616 silly addNameRange   [ '0.1.0',
616 silly addNameRange     '0.2.0',
616 silly addNameRange     '0.3.0',
616 silly addNameRange     '0.3.1',
616 silly addNameRange     '0.4.0',
616 silly addNameRange     '0.4.1',
616 silly addNameRange     '1.0.0',
616 silly addNameRange     '1.0.1',
616 silly addNameRange     '1.0.2' ] ]
617 silly addNamed js-tokens@1.0.2
618 verbose addNamed "1.0.2" is a plain semver version for js-tokens
619 silly cache afterAdd js-tokens@1.0.2
620 verbose afterAdd /Users/khebert/.npm/js-tokens/1.0.2/package/package.json not in flight; writing
621 silly cache afterAdd js-tokens@1.0.2
622 verbose afterAdd /Users/khebert/.npm/js-tokens/1.0.2/package/package.json already in flight; not writing
623 verbose afterAdd /Users/khebert/.npm/js-tokens/1.0.2/package/package.json written
624 silly install resolved [ { name: 'js-tokens',
624 silly install resolved     version: '1.0.2',
624 silly install resolved     author: { name: 'Simon Lydell' },
624 silly install resolved     license: 'MIT',
624 silly install resolved     description: 'A regex that tokenizes JavaScript.',
624 silly install resolved     keywords: [ 'JavaScript', 'js', 'token', 'tokenize', 'regex' ],
624 silly install resolved     files: [ 'index.js' ],
624 silly install resolved     repository:
624 silly install resolved      { type: 'git',
624 silly install resolved        url: 'git+https://github.com/lydell/js-tokens.git' },
624 silly install resolved     scripts:
624 silly install resolved      { test: 'mocha --ui tdd',
624 silly install resolved        'esprima-compare': 'node esprima-compare ./index.js everything.js/es5.js',
624 silly install resolved        build: 'node generate-index.js',
624 silly install resolved        dev: 'npm run build && npm test' },
624 silly install resolved     devDependencies:
624 silly install resolved      { 'coffee-script': '~1.9.3',
624 silly install resolved        esprima: '^2.3.0',
624 silly install resolved        'everything.js': '^1.0.3',
624 silly install resolved        mocha: '^2.2.5' },
624 silly install resolved     gitHead: '90f0f0a217984625180414763234c923aeee4af5',
624 silly install resolved     bugs: { url: 'https://github.com/lydell/js-tokens/issues' },
624 silly install resolved     homepage: 'https://github.com/lydell/js-tokens#readme',
624 silly install resolved     _id: 'js-tokens@1.0.2',
624 silly install resolved     _shasum: '8647f7e13f64ac15d9357a59a346c804d53b3efe',
624 silly install resolved     _from: 'js-tokens@>=1.0.1 <2.0.0',
624 silly install resolved     _npmVersion: '2.14.7',
624 silly install resolved     _nodeVersion: '4.2.1',
624 silly install resolved     _npmUser: { name: 'lydell', email: 'simon.lydell@gmail.com' },
624 silly install resolved     dist:
624 silly install resolved      { shasum: '8647f7e13f64ac15d9357a59a346c804d53b3efe',
624 silly install resolved        tarball: 'http://registry.npmjs.org/js-tokens/-/js-tokens-1.0.2.tgz' },
624 silly install resolved     maintainers: [ [Object] ],
624 silly install resolved     directories: {},
624 silly install resolved     _resolved: 'https://registry.npmjs.org/js-tokens/-/js-tokens-1.0.2.tgz',
624 silly install resolved     readme: 'ERROR: No README data found!' } ]
625 info install js-tokens@1.0.2 into /Users/khebert/Sites/staystream/node_modules/history/node_modules/warning/node_modules/loose-envify
626 info installOne js-tokens@1.0.2
627 verbose installOne of js-tokens to /Users/khebert/Sites/staystream/node_modules/history/node_modules/warning/node_modules/loose-envify not in flight; installing
628 silly install resolved [ { name: 'js-tokens',
628 silly install resolved     version: '1.0.2',
628 silly install resolved     author: { name: 'Simon Lydell' },
628 silly install resolved     license: 'MIT',
628 silly install resolved     description: 'A regex that tokenizes JavaScript.',
628 silly install resolved     keywords: [ 'JavaScript', 'js', 'token', 'tokenize', 'regex' ],
628 silly install resolved     files: [ 'index.js' ],
628 silly install resolved     repository:
628 silly install resolved      { type: 'git',
628 silly install resolved        url: 'git+https://github.com/lydell/js-tokens.git' },
628 silly install resolved     scripts:
628 silly install resolved      { test: 'mocha --ui tdd',
628 silly install resolved        'esprima-compare': 'node esprima-compare ./index.js everything.js/es5.js',
628 silly install resolved        build: 'node generate-index.js',
628 silly install resolved        dev: 'npm run build && npm test' },
628 silly install resolved     devDependencies:
628 silly install resolved      { 'coffee-script': '~1.9.3',
628 silly install resolved        esprima: '^2.3.0',
628 silly install resolved        'everything.js': '^1.0.3',
628 silly install resolved        mocha: '^2.2.5' },
628 silly install resolved     gitHead: '90f0f0a217984625180414763234c923aeee4af5',
628 silly install resolved     bugs: { url: 'https://github.com/lydell/js-tokens/issues' },
628 silly install resolved     homepage: 'https://github.com/lydell/js-tokens#readme',
628 silly install resolved     _id: 'js-tokens@1.0.2',
628 silly install resolved     _shasum: '8647f7e13f64ac15d9357a59a346c804d53b3efe',
628 silly install resolved     _from: 'js-tokens@>=1.0.1 <2.0.0',
628 silly install resolved     _npmVersion: '2.14.7',
628 silly install resolved     _nodeVersion: '4.2.1',
628 silly install resolved     _npmUser: { name: 'lydell', email: 'simon.lydell@gmail.com' },
628 silly install resolved     dist:
628 silly install resolved      { shasum: '8647f7e13f64ac15d9357a59a346c804d53b3efe',
628 silly install resolved        tarball: 'http://registry.npmjs.org/js-tokens/-/js-tokens-1.0.2.tgz' },
628 silly install resolved     maintainers: [ [Object] ],
628 silly install resolved     directories: {},
628 silly install resolved     _resolved: 'https://registry.npmjs.org/js-tokens/-/js-tokens-1.0.2.tgz',
628 silly install resolved     readme: 'ERROR: No README data found!' } ]
629 info install js-tokens@1.0.2 into /Users/khebert/Sites/staystream/node_modules/history/node_modules/invariant/node_modules/loose-envify
630 info installOne js-tokens@1.0.2
631 verbose installOne of js-tokens to /Users/khebert/Sites/staystream/node_modules/history/node_modules/invariant/node_modules/loose-envify not in flight; installing
632 verbose lock using /Users/khebert/.npm/_locks/js-tokens-ba2b2f4f6e43c459.lock for /Users/khebert/Sites/staystream/node_modules/history/node_modules/warning/node_modules/loose-envify/node_modules/js-tokens
633 silly install write writing js-tokens 1.0.2 to /Users/khebert/Sites/staystream/node_modules/history/node_modules/warning/node_modules/loose-envify/node_modules/js-tokens
634 verbose lock using /Users/khebert/.npm/_locks/js-tokens-083fe365520b25af.lock for /Users/khebert/Sites/staystream/node_modules/history/node_modules/invariant/node_modules/loose-envify/node_modules/js-tokens
635 silly install write writing js-tokens 1.0.2 to /Users/khebert/Sites/staystream/node_modules/history/node_modules/invariant/node_modules/loose-envify/node_modules/js-tokens
636 verbose unbuild node_modules/history/node_modules/warning/node_modules/loose-envify/node_modules/js-tokens
637 silly gentlyRm /Users/khebert/Sites/staystream/node_modules/history/node_modules/warning/node_modules/loose-envify/node_modules/js-tokens is being purged from base /Users/khebert/Sites/staystream
638 verbose gentlyRm don't care about contents; nuking /Users/khebert/Sites/staystream/node_modules/history/node_modules/warning/node_modules/loose-envify/node_modules/js-tokens
639 verbose unbuild node_modules/history/node_modules/invariant/node_modules/loose-envify/node_modules/js-tokens
640 verbose tar unpack /Users/khebert/.npm/js-tokens/1.0.2/package.tgz
641 verbose tar unpacking to /Users/khebert/Sites/staystream/node_modules/history/node_modules/warning/node_modules/loose-envify/node_modules/js-tokens
642 silly gentlyRm /Users/khebert/Sites/staystream/node_modules/history/node_modules/warning/node_modules/loose-envify/node_modules/js-tokens is being purged
643 verbose gentlyRm don't care about contents; nuking /Users/khebert/Sites/staystream/node_modules/history/node_modules/warning/node_modules/loose-envify/node_modules/js-tokens
644 silly gunzTarPerm modes [ '755', '644' ]
645 silly gentlyRm /Users/khebert/Sites/staystream/node_modules/history/node_modules/invariant/node_modules/loose-envify/node_modules/js-tokens is being purged from base /Users/khebert/Sites/staystream
646 verbose gentlyRm don't care about contents; nuking /Users/khebert/Sites/staystream/node_modules/history/node_modules/invariant/node_modules/loose-envify/node_modules/js-tokens
647 verbose tar unpack /Users/khebert/.npm/js-tokens/1.0.2/package.tgz
648 verbose tar unpacking to /Users/khebert/Sites/staystream/node_modules/history/node_modules/invariant/node_modules/loose-envify/node_modules/js-tokens
649 silly gentlyRm /Users/khebert/Sites/staystream/node_modules/history/node_modules/invariant/node_modules/loose-envify/node_modules/js-tokens is being purged
650 verbose gentlyRm don't care about contents; nuking /Users/khebert/Sites/staystream/node_modules/history/node_modules/invariant/node_modules/loose-envify/node_modules/js-tokens
651 silly gunzTarPerm modes [ '755', '644' ]
652 silly gunzTarPerm extractEntry package.json
653 silly gunzTarPerm modified mode [ 'package.json', 436, 420 ]
654 silly gunzTarPerm extractEntry package.json
655 silly gunzTarPerm modified mode [ 'package.json', 436, 420 ]
656 silly gunzTarPerm extractEntry LICENSE
657 silly gunzTarPerm modified mode [ 'LICENSE', 436, 420 ]
658 silly gunzTarPerm extractEntry index.js
659 silly gunzTarPerm modified mode [ 'index.js', 436, 420 ]
660 silly gunzTarPerm extractEntry LICENSE
661 silly gunzTarPerm modified mode [ 'LICENSE', 436, 420 ]
662 silly gunzTarPerm extractEntry index.js
663 silly gunzTarPerm modified mode [ 'index.js', 436, 420 ]
664 silly gunzTarPerm extractEntry changelog.md
665 silly gunzTarPerm modified mode [ 'changelog.md', 436, 420 ]
666 silly gunzTarPerm extractEntry readme.md
667 silly gunzTarPerm modified mode [ 'readme.md', 436, 420 ]
668 silly gunzTarPerm extractEntry changelog.md
669 silly gunzTarPerm modified mode [ 'changelog.md', 436, 420 ]
670 silly gunzTarPerm extractEntry readme.md
671 silly gunzTarPerm modified mode [ 'readme.md', 436, 420 ]
672 verbose write writing to /Users/khebert/Sites/staystream/node_modules/history/node_modules/warning/node_modules/loose-envify/node_modules/js-tokens/package.json
673 verbose write writing to /Users/khebert/Sites/staystream/node_modules/history/node_modules/invariant/node_modules/loose-envify/node_modules/js-tokens/package.json
674 info preinstall js-tokens@1.0.2
675 info preinstall js-tokens@1.0.2
676 verbose readDependencies loading dependencies from /Users/khebert/Sites/staystream/node_modules/history/node_modules/warning/node_modules/loose-envify/node_modules/js-tokens/package.json
677 verbose readDependencies loading dependencies from /Users/khebert/Sites/staystream/node_modules/history/node_modules/invariant/node_modules/loose-envify/node_modules/js-tokens/package.json
678 verbose readDependencies loading dependencies from /Users/khebert/Sites/staystream/node_modules/history/node_modules/warning/node_modules/loose-envify/node_modules/js-tokens/package.json
679 verbose readDependencies loading dependencies from /Users/khebert/Sites/staystream/node_modules/history/node_modules/invariant/node_modules/loose-envify/node_modules/js-tokens/package.json
680 silly install resolved []
681 verbose about to build /Users/khebert/Sites/staystream/node_modules/history/node_modules/warning/node_modules/loose-envify/node_modules/js-tokens
682 info build /Users/khebert/Sites/staystream/node_modules/history/node_modules/warning/node_modules/loose-envify/node_modules/js-tokens
683 silly install resolved []
684 verbose about to build /Users/khebert/Sites/staystream/node_modules/history/node_modules/invariant/node_modules/loose-envify/node_modules/js-tokens
685 info build /Users/khebert/Sites/staystream/node_modules/history/node_modules/invariant/node_modules/loose-envify/node_modules/js-tokens
686 info linkStuff js-tokens@1.0.2
687 silly linkStuff js-tokens@1.0.2 has /Users/khebert/Sites/staystream/node_modules/history/node_modules/warning/node_modules/loose-envify/node_modules as its parent node_modules
688 info linkStuff js-tokens@1.0.2
689 silly linkStuff js-tokens@1.0.2 has /Users/khebert/Sites/staystream/node_modules/history/node_modules/invariant/node_modules/loose-envify/node_modules as its parent node_modules
690 verbose linkBins js-tokens@1.0.2
691 verbose linkMans js-tokens@1.0.2
692 verbose rebuildBundles js-tokens@1.0.2
693 verbose linkBins js-tokens@1.0.2
694 verbose linkMans js-tokens@1.0.2
695 verbose rebuildBundles js-tokens@1.0.2
696 info install js-tokens@1.0.2
697 info install js-tokens@1.0.2
698 info postinstall js-tokens@1.0.2
699 info postinstall js-tokens@1.0.2
700 verbose unlock done using /Users/khebert/.npm/_locks/js-tokens-ba2b2f4f6e43c459.lock for /Users/khebert/Sites/staystream/node_modules/history/node_modules/warning/node_modules/loose-envify/node_modules/js-tokens
701 verbose about to build /Users/khebert/Sites/staystream/node_modules/history/node_modules/warning/node_modules/loose-envify
702 info build /Users/khebert/Sites/staystream/node_modules/history/node_modules/warning/node_modules/loose-envify
703 verbose unlock done using /Users/khebert/.npm/_locks/js-tokens-083fe365520b25af.lock for /Users/khebert/Sites/staystream/node_modules/history/node_modules/invariant/node_modules/loose-envify/node_modules/js-tokens
704 verbose about to build /Users/khebert/Sites/staystream/node_modules/history/node_modules/invariant/node_modules/loose-envify
705 info build /Users/khebert/Sites/staystream/node_modules/history/node_modules/invariant/node_modules/loose-envify
706 info linkStuff loose-envify@1.1.0
707 silly linkStuff loose-envify@1.1.0 has /Users/khebert/Sites/staystream/node_modules/history/node_modules/warning/node_modules as its parent node_modules
708 info linkStuff loose-envify@1.1.0
709 silly linkStuff loose-envify@1.1.0 has /Users/khebert/Sites/staystream/node_modules/history/node_modules/invariant/node_modules as its parent node_modules
710 verbose linkBins loose-envify@1.1.0
711 verbose linkMans loose-envify@1.1.0
712 verbose rebuildBundles loose-envify@1.1.0
713 verbose linkBins loose-envify@1.1.0
714 verbose linkMans loose-envify@1.1.0
715 verbose rebuildBundles loose-envify@1.1.0
716 verbose rebuildBundles [ 'js-tokens' ]
717 info install loose-envify@1.1.0
718 verbose rebuildBundles [ 'js-tokens' ]
719 info install loose-envify@1.1.0
720 info postinstall loose-envify@1.1.0
721 info postinstall loose-envify@1.1.0
722 verbose unlock done using /Users/khebert/.npm/_locks/loose-envify-20af83cd31f56e9a.lock for /Users/khebert/Sites/staystream/node_modules/history/node_modules/warning/node_modules/loose-envify
723 verbose about to build /Users/khebert/Sites/staystream/node_modules/history/node_modules/warning
724 info build /Users/khebert/Sites/staystream/node_modules/history/node_modules/warning
725 verbose unlock done using /Users/khebert/.npm/_locks/loose-envify-9be928698ccaa606.lock for /Users/khebert/Sites/staystream/node_modules/history/node_modules/invariant/node_modules/loose-envify
726 verbose about to build /Users/khebert/Sites/staystream/node_modules/history/node_modules/invariant
727 info build /Users/khebert/Sites/staystream/node_modules/history/node_modules/invariant
728 info linkStuff warning@2.1.0
729 silly linkStuff warning@2.1.0 has /Users/khebert/Sites/staystream/node_modules/history/node_modules as its parent node_modules
730 info linkStuff invariant@2.2.0
731 silly linkStuff invariant@2.2.0 has /Users/khebert/Sites/staystream/node_modules/history/node_modules as its parent node_modules
732 verbose linkBins warning@2.1.0
733 verbose linkMans warning@2.1.0
734 verbose rebuildBundles warning@2.1.0
735 verbose linkBins invariant@2.2.0
736 verbose linkMans invariant@2.2.0
737 verbose rebuildBundles invariant@2.2.0
738 verbose rebuildBundles [ 'loose-envify' ]
739 info install warning@2.1.0
740 verbose rebuildBundles [ 'loose-envify' ]
741 info install invariant@2.2.0
742 info postinstall warning@2.1.0
743 info postinstall invariant@2.2.0
744 verbose unlock done using /Users/khebert/.npm/_locks/warning-b68060aae1dacf64.lock for /Users/khebert/Sites/staystream/node_modules/history/node_modules/warning
745 verbose unlock done using /Users/khebert/.npm/_locks/invariant-3439f2a9db86b123.lock for /Users/khebert/Sites/staystream/node_modules/history/node_modules/invariant
746 verbose about to build /Users/khebert/Sites/staystream/node_modules/history
747 info build /Users/khebert/Sites/staystream/node_modules/history
748 info linkStuff history@1.16.0
749 silly linkStuff history@1.16.0 has /Users/khebert/Sites/staystream/node_modules as its parent node_modules
750 verbose linkBins history@1.16.0
751 verbose linkMans history@1.16.0
752 verbose rebuildBundles history@1.16.0
753 verbose rebuildBundles [ 'deep-equal', 'invariant', 'query-string', 'warning' ]
754 info install history@1.16.0
755 info postinstall history@1.16.0
756 verbose unsafe-perm in lifecycle true
757 verbose unlock done using /Users/khebert/.npm/_locks/history-84fa1737488316cd.lock for /Users/khebert/Sites/staystream/node_modules/history
758 verbose validateInstall loading /Users/khebert/Sites/staystream/package.json for validation
759 verbose stack Error: The package history@1.16.0 does not satisfy its siblings' peerDependencies requirements!
759 verbose stack     at /usr/local/lib/node_modules/npm/lib/install.js:125:32
759 verbose stack     at /usr/local/lib/node_modules/npm/lib/install.js:268:7
759 verbose stack     at /usr/local/lib/node_modules/npm/node_modules/read-installed/read-installed.js:142:5
759 verbose stack     at /usr/local/lib/node_modules/npm/node_modules/read-installed/read-installed.js:263:14
759 verbose stack     at cb (/usr/local/lib/node_modules/npm/node_modules/slide/lib/async-map.js:47:24)
759 verbose stack     at /usr/local/lib/node_modules/npm/node_modules/read-installed/read-installed.js:263:14
759 verbose stack     at cb (/usr/local/lib/node_modules/npm/node_modules/slide/lib/async-map.js:47:24)
759 verbose stack     at /usr/local/lib/node_modules/npm/node_modules/read-installed/read-installed.js:263:14
759 verbose stack     at cb (/usr/local/lib/node_modules/npm/node_modules/slide/lib/async-map.js:47:24)
759 verbose stack     at /usr/local/lib/node_modules/npm/node_modules/read-installed/read-installed.js:263:14
760 verbose cwd /Users/khebert/Sites/staystream
761 error Darwin 14.5.0
762 error argv "/usr/local/bin/node" "/usr/local/bin/npm" "install" "history" "--save"
763 error node v4.0.0
764 error npm  v2.14.2
765 error code EPEERINVALID
766 error peerinvalid The package history@1.16.0 does not satisfy its siblings' peerDependencies requirements!
766 error peerinvalid Peer react-router@1.0.2 wants history@1.13.x
767 verbose exit [ 1, true ]
